<?xml version="1.0" encoding="UTF-8"?>
<!-- Generated by org.testng.reporters.JUnitXMLReporter -->
<testsuite ignored="0" hostname="DESKTOP-CG5NQD4" failures="1" tests="19" name="testonchrome" time="322.826" errors="0" timestamp="2024-08-10T12:35:04 IST">
  <testcase classname="project_2.airline_app.TestCase01" name="registration" time="2.472"/>
  <testcase classname="project_2.airline_app.TestCase02" name="verifyLogin" time="3.335"/>
  <testcase classname="project_2.airline_app.TestCase03" name="login_usingInvalidCredentials" time="2.98"/>
  <testcase classname="project_2.airline_app.TestCase04" name="oneWayTrip" time="9.068"/>
  <testcase classname="project_2.airline_app.TestCase05" name="roundTrip" time="8.447"/>
  <testcase classname="project_2.airline_app.TestCase06" name="economyBussinessFirstClass" time="8.215"/>
  <testcase classname="project_2.airline_app.TestCase07" name="multiCityFlight" time="10.219"/>
  <testcase classname="project_2.airline_app.TestCase08" name="seatSelection" time="14.355"/>
  <testcase classname="project_2.airline_app.TestCase09" name="multiplePassengers" time="13.386"/>
  <testcase classname="project_2.airline_app.TestCase10" name="validations" time="13.154"/>
  <testcase classname="project_2.airline_app.TestCase11" name="validations2" time="15.32"/>
  <testcase classname="project_2.airline_app.TestCase12" name="loginSearCHLogout" time="4.806">
    <skipped/>
  </testcase> <!-- loginSearCHLogout -->
  <testcase classname="project_2.airline_app.TestCase12" name="loginSearCHLogout" time="4.993">
    <skipped/>
  </testcase> <!-- loginSearCHLogout -->
  <testcase classname="project_2.airline_app.TestCase12" name="loginSearCHLogout" time="4.95">
    <skipped/>
  </testcase> <!-- loginSearCHLogout -->
  <testcase classname="project_2.airline_app.TestCase12" name="loginSearCHLogout" time="4.93">
    <failure type="org.openqa.selenium.ElementClickInterceptedException" message="element click intercepted: Element &amp;lt;input id=&amp;quot;FromSector_show&amp;quot; tabindex=&amp;quot;1&amp;quot; onkeydown=&amp;quot;TocontrolTabClickFrom(event)&amp;quot; type=&amp;quot;text&amp;quot; onchange=&amp;quot;ChangeCabin();&amp;quot; onblur=&amp;quot;checkDOM()&amp;quot; class=&amp;quot;autoFlll cityinput&amp;quot; placeholder=&amp;quot;From&amp;quot; autocomplete=&amp;quot;off&amp;quot; onclick=&amp;quot;MulticityClearText(&amp;apos;fromautoFill&amp;apos;, this.id,&amp;apos;F&amp;apos;);&amp;quot; readonly=&amp;quot;&amp;quot;&amp;gt; is not clickable at point (364, 273). Other element would receive the click: &amp;lt;div class=&amp;quot;_newlognsec&amp;quot;&amp;gt;...&amp;lt;/div&amp;gt;
  (Session info: chrome=127.0.6533.100)
Build info: version: &amp;apos;4.21.0&amp;apos;, revision: &amp;apos;79ed462ef4&amp;apos;
System info: os.name: &amp;apos;Windows 11&amp;apos;, os.arch: &amp;apos;amd64&amp;apos;, os.version: &amp;apos;10.0&amp;apos;, java.version: &amp;apos;17.0.10&amp;apos;
Driver info: org.openqa.selenium.chrome.ChromeDriver
Command: [94dd99d8fffcc853ed8fceda3194b33c, clickElement {id=f.807278D50A555B1C9688C6765614009E.d.51457B5C10418FC39ACF658337F3AD64.e.206}]
Capabilities {acceptInsecureCerts: false, browserName: chrome, browserVersion: 127.0.6533.100, chrome: {chromedriverVersion: 127.0.6533.99 (f31af5097d90..., userDataDir: C:\Users\Admin\AppData\Loca...}, fedcm:accounts: true, goog:chromeOptions: {debuggerAddress: localhost:49188}, networkConnectionEnabled: false, pageLoadStrategy: normal, platformName: windows, proxy: Proxy(), se:cdp: ws://localhost:49188/devtoo..., se:cdpVersion: 127.0.6533.100, setWindowRect: true, strictFileInteractability: false, timeouts: {implicit: 0, pageLoad: 300000, script: 30000}, unhandledPromptBehavior: dismiss and notify, webauthn:extension:credBlob: true, webauthn:extension:largeBlob: true, webauthn:extension:minPinLength: true, webauthn:extension:prf: true, webauthn:virtualAuthenticators: true}
Element: [[ChromeDriver: chrome on windows (94dd99d8fffcc853ed8fceda3194b33c)] -&amp;gt; xpath: //input[@id=&amp;apos;FromSector_show&amp;apos;]]
Session ID: 94dd99d8fffcc853ed8fceda3194b33c">
      <![CDATA[org.openqa.selenium.ElementClickInterceptedException: element click intercepted: Element <input id="FromSector_show" tabindex="1" onkeydown="TocontrolTabClickFrom(event)" type="text" onchange="ChangeCabin();" onblur="checkDOM()" class="autoFlll cityinput" placeholder="From" autocomplete="off" onclick="MulticityClearText('fromautoFill', this.id,'F');" readonly=""> is not clickable at point (364, 273). Other element would receive the click: <div class="_newlognsec">...</div>
  (Session info: chrome=127.0.6533.100)
Build info: version: '4.21.0', revision: '79ed462ef4'
System info: os.name: 'Windows 11', os.arch: 'amd64', os.version: '10.0', java.version: '17.0.10'
Driver info: org.openqa.selenium.chrome.ChromeDriver
Command: [94dd99d8fffcc853ed8fceda3194b33c, clickElement {id=f.807278D50A555B1C9688C6765614009E.d.51457B5C10418FC39ACF658337F3AD64.e.206}]
Capabilities {acceptInsecureCerts: false, browserName: chrome, browserVersion: 127.0.6533.100, chrome: {chromedriverVersion: 127.0.6533.99 (f31af5097d90..., userDataDir: C:\Users\Admin\AppData\Loca...}, fedcm:accounts: true, goog:chromeOptions: {debuggerAddress: localhost:49188}, networkConnectionEnabled: false, pageLoadStrategy: normal, platformName: windows, proxy: Proxy(), se:cdp: ws://localhost:49188/devtoo..., se:cdpVersion: 127.0.6533.100, setWindowRect: true, strictFileInteractability: false, timeouts: {implicit: 0, pageLoad: 300000, script: 30000}, unhandledPromptBehavior: dismiss and notify, webauthn:extension:credBlob: true, webauthn:extension:largeBlob: true, webauthn:extension:minPinLength: true, webauthn:extension:prf: true, webauthn:virtualAuthenticators: true}
Element: [[ChromeDriver: chrome on windows (94dd99d8fffcc853ed8fceda3194b33c)] -> xpath: //input[@id='FromSector_show']]
Session ID: 94dd99d8fffcc853ed8fceda3194b33c
at org.openqa.selenium.remote.ErrorCodec.decode(ErrorCodec.java:167)
at org.openqa.selenium.remote.codec.w3c.W3CHttpResponseCodec.decode(W3CHttpResponseCodec.java:138)
at org.openqa.selenium.remote.codec.w3c.W3CHttpResponseCodec.decode(W3CHttpResponseCodec.java:50)
at org.openqa.selenium.remote.HttpCommandExecutor.execute(HttpCommandExecutor.java:190)
at org.openqa.selenium.remote.service.DriverCommandExecutor.invokeExecute(DriverCommandExecutor.java:216)
at org.openqa.selenium.remote.service.DriverCommandExecutor.execute(DriverCommandExecutor.java:174)
at org.openqa.selenium.remote.RemoteWebDriver.execute(RemoteWebDriver.java:518)
at org.openqa.selenium.remote.RemoteWebElement.execute(RemoteWebElement.java:223)
at org.openqa.selenium.remote.RemoteWebElement.click(RemoteWebElement.java:76)
at org.openqa.selenium.support.pagefactory.internal.LocatingElementHandler.invoke(LocatingElementHandler.java:51)
at jdk.proxy2/jdk.proxy2.$Proxy14.click(Unknown Source)
at project_2.airline_app.Search_Page.ClickFrom(Search_Page.java:15)
at project_2.airline_app.TestCase12.loginSearCHLogout(TestCase12.java:25)
at java.base/java.util.ArrayList.forEach(ArrayList.java:1511)
at java.base/java.util.concurrent.FutureTask.run(FutureTask.java:264)
at java.base/java.util.concurrent.ThreadPoolExecutor.runWorker(ThreadPoolExecutor.java:1136)
at java.base/java.util.concurrent.ThreadPoolExecutor$Worker.run(ThreadPoolExecutor.java:635)
at java.base/java.lang.Thread.run(Thread.java:840)
... Removed 26 stack frames]]>
    </failure>
  </testcase> <!-- loginSearCHLogout -->
  <testcase classname="project_2.airline_app.TestCase13" name="validateCoupon" time="13.364"/>
  <testcase classname="project_2.airline_app.TestCase14" name="domestiCRoundTrip" time="7.607"/>
  <testcase classname="project_2.airline_app.TestCase15" name="validatePayments" time="24.687">
    <skipped/>
  </testcase> <!-- validatePayments -->
  <testcase classname="project_2.airline_app.TestCase15" name="validatePayments" time="19.534"/>
</testsuite> <!-- testonchrome -->
