<!DOCTYPE html PUBLIC "-//W3C//DTD XHTML 1.1//EN" "https://www.w3.org/TR/xhtml11/DTD/xhtml11.dtd">
<html xmlns="https://www.w3.org/1999/xhtml">
<head>
<meta http-equiv="content-type" content="text/html; charset=UTF-8"/>
<title>TestNG Report</title>
<style type="text/css">table {margin-bottom:10px;border-collapse:collapse;empty-cells:show}th,td {border:1px solid #009;padding:.25em .5em}th {vertical-align:bottom}td {vertical-align:top}table a {font-weight:bold}.stripe td {background-color: #E6EBF9}.num {text-align:right}.passedodd td {background-color: #3F3}.passedeven td {background-color: #0A0}.skippedodd td {background-color: #DDD}.skippedeven td {background-color: #CCC}.failedodd td,.attn {background-color: #F33}.failedeven td,.stripe .attn {background-color: #D00}.stacktrace {white-space:pre;font-family:monospace}.totop {font-size:85%;text-align:center;border-bottom:2px solid #000}.invisible {display:none}</style>
</head>
<body>
<table>
<tr><th>Test</th><th># Passed</th><th># Skipped</th><th># Retried</th><th># Failed</th><th>Time (ms)</th><th>Included Groups</th><th>Excluded Groups</th></tr>
<tr><th colspan="8">Suite</th></tr>
<tr><td><a href="#t0">testonchrome</a></td><td class="num">14</td><td class="num">0</td><td class="num attn">4</td><td class="num attn">1</td><td class="num">322,826</td><td></td><td></td></tr>
</table>
<table id='summary'><thead><tr><th>Class</th><th>Method</th><th>Start</th><th>Time (ms)</th></tr></thead><tbody><tr><th colspan="4">Suite</th></tr></tbody><tbody id="t0"><tr><th colspan="4">testonchrome &#8212; failed</th></tr><tr class="failedeven"><td rowspan="1">project_2.airline_app.TestCase12</td><td><a href="#m0">loginSearCHLogout</a></td><td rowspan="1">1723273404581</td><td rowspan="1">4930</td></tr><tr><th colspan="4">testonchrome &#8212; retried</th></tr><tr class="retriedeven"><td rowspan="3">project_2.airline_app.TestCase12</td><td><a href="#m1">loginSearCHLogout</a></td><td rowspan="3">1723273363471</td><td rowspan="3">4806</td></tr><tr class="retriedeven"><td><a href="#m2">loginSearCHLogout</a></td></tr><tr class="retriedeven"><td><a href="#m3">loginSearCHLogout</a></td></tr><tr class="retriedodd"><td rowspan="1">project_2.airline_app.TestCase15</td><td><a href="#m4">validatePayments</a></td><td rowspan="1">1723273449843</td><td rowspan="1">24687</td></tr><tr><th colspan="4">testonchrome &#8212; passed</th></tr><tr class="passedeven"><td rowspan="1">project_2.airline_app.TestCase01</td><td><a href="#m5">registration</a></td><td rowspan="1">1723273188625</td><td rowspan="1">2472</td></tr><tr class="passedodd"><td rowspan="1">project_2.airline_app.TestCase02</td><td><a href="#m6">verifyLogin</a></td><td rowspan="1">1723273198911</td><td rowspan="1">3335</td></tr><tr class="passedeven"><td rowspan="1">project_2.airline_app.TestCase03</td><td><a href="#m7">login_usingInvalidCredentials</a></td><td rowspan="1">1723273209308</td><td rowspan="1">2980</td></tr><tr class="passedodd"><td rowspan="1">project_2.airline_app.TestCase04</td><td><a href="#m8">oneWayTrip</a></td><td rowspan="1">1723273218471</td><td rowspan="1">9068</td></tr><tr class="passedeven"><td rowspan="1">project_2.airline_app.TestCase05</td><td><a href="#m9">roundTrip</a></td><td rowspan="1">1723273234279</td><td rowspan="1">8447</td></tr><tr class="passedodd"><td rowspan="1">project_2.airline_app.TestCase06</td><td><a href="#m10">economyBussinessFirstClass</a></td><td rowspan="1">1723273248959</td><td rowspan="1">8215</td></tr><tr class="passedeven"><td rowspan="1">project_2.airline_app.TestCase07</td><td><a href="#m11">multiCityFlight</a></td><td rowspan="1">1723273263453</td><td rowspan="1">10219</td></tr><tr class="passedodd"><td rowspan="1">project_2.airline_app.TestCase08</td><td><a href="#m12">seatSelection</a></td><td rowspan="1">1723273280455</td><td rowspan="1">14355</td></tr><tr class="passedeven"><td rowspan="1">project_2.airline_app.TestCase09</td><td><a href="#m13">multiplePassengers</a></td><td rowspan="1">1723273300767</td><td rowspan="1">13386</td></tr><tr class="passedodd"><td rowspan="1">project_2.airline_app.TestCase10</td><td><a href="#m14">validations</a></td><td rowspan="1">1723273321890</td><td rowspan="1">13154</td></tr><tr class="passedeven"><td rowspan="1">project_2.airline_app.TestCase11</td><td><a href="#m15">validations2</a></td><td rowspan="1">1723273340992</td><td rowspan="1">15320</td></tr><tr class="passedodd"><td rowspan="1">project_2.airline_app.TestCase13</td><td><a href="#m16">validateCoupon</a></td><td rowspan="1">1723273416427</td><td rowspan="1">13364</td></tr><tr class="passedeven"><td rowspan="1">project_2.airline_app.TestCase14</td><td><a href="#m17">domestiCRoundTrip</a></td><td rowspan="1">1723273435928</td><td rowspan="1">7607</td></tr><tr class="passedodd"><td rowspan="1">project_2.airline_app.TestCase15</td><td><a href="#m18">validatePayments</a></td><td rowspan="1">1723273480315</td><td rowspan="1">19534</td></tr></tbody>
</table>
<h2>testonchrome</h2><h3 id="m0">project_2.airline_app.TestCase12#loginSearCHLogout</h3><table class="result"><tr><th>Messages</th></tr><tr><td><div class="messages">Test case Ffailed</div></td></tr><tr><th>Exception</th></tr><tr><td><div class="stacktrace">org.openqa.selenium.ElementClickInterceptedException: element click intercepted: Element &lt;input id=&quot;FromSector_show&quot; tabindex=&quot;1&quot; onkeydown=&quot;TocontrolTabClickFrom(event)&quot; type=&quot;text&quot; onchange=&quot;ChangeCabin();&quot; onblur=&quot;checkDOM()&quot; class=&quot;autoFlll cityinput&quot; placeholder=&quot;From&quot; autocomplete=&quot;off&quot; onclick=&quot;MulticityClearText(&apos;fromautoFill&apos;, this.id,&apos;F&apos;);&quot; readonly=&quot;&quot;&gt; is not clickable at point (364, 273). Other element would receive the click: &lt;div class=&quot;_newlognsec&quot;&gt;...&lt;/div&gt;
  (Session info: chrome=127.0.6533.100)
Build info: version: &apos;4.21.0&apos;, revision: &apos;79ed462ef4&apos;
System info: os.name: &apos;Windows 11&apos;, os.arch: &apos;amd64&apos;, os.version: &apos;10.0&apos;, java.version: &apos;17.0.10&apos;
Driver info: org.openqa.selenium.chrome.ChromeDriver
Command: [94dd99d8fffcc853ed8fceda3194b33c, clickElement {id=f.807278D50A555B1C9688C6765614009E.d.51457B5C10418FC39ACF658337F3AD64.e.206}]
Capabilities {acceptInsecureCerts: false, browserName: chrome, browserVersion: 127.0.6533.100, chrome: {chromedriverVersion: 127.0.6533.99 (f31af5097d90..., userDataDir: C:\Users\Admin\AppData\Loca...}, fedcm:accounts: true, goog:chromeOptions: {debuggerAddress: localhost:49188}, networkConnectionEnabled: false, pageLoadStrategy: normal, platformName: windows, proxy: Proxy(), se:cdp: ws://localhost:49188/devtoo..., se:cdpVersion: 127.0.6533.100, setWindowRect: true, strictFileInteractability: false, timeouts: {implicit: 0, pageLoad: 300000, script: 30000}, unhandledPromptBehavior: dismiss and notify, webauthn:extension:credBlob: true, webauthn:extension:largeBlob: true, webauthn:extension:minPinLength: true, webauthn:extension:prf: true, webauthn:virtualAuthenticators: true}
Element: [[ChromeDriver: chrome on windows (94dd99d8fffcc853ed8fceda3194b33c)] -&gt; xpath: //input[@id=&apos;FromSector_show&apos;]]
Session ID: 94dd99d8fffcc853ed8fceda3194b33c
	at org.openqa.selenium.remote.ErrorCodec.decode(ErrorCodec.java:167)
	at org.openqa.selenium.remote.codec.w3c.W3CHttpResponseCodec.decode(W3CHttpResponseCodec.java:138)
	at org.openqa.selenium.remote.codec.w3c.W3CHttpResponseCodec.decode(W3CHttpResponseCodec.java:50)
	at org.openqa.selenium.remote.HttpCommandExecutor.execute(HttpCommandExecutor.java:190)
	at org.openqa.selenium.remote.service.DriverCommandExecutor.invokeExecute(DriverCommandExecutor.java:216)
	at org.openqa.selenium.remote.service.DriverCommandExecutor.execute(DriverCommandExecutor.java:174)
	at org.openqa.selenium.remote.RemoteWebDriver.execute(RemoteWebDriver.java:518)
	at org.openqa.selenium.remote.RemoteWebElement.execute(RemoteWebElement.java:223)
	at org.openqa.selenium.remote.RemoteWebElement.click(RemoteWebElement.java:76)
	at org.openqa.selenium.support.pagefactory.internal.LocatingElementHandler.invoke(LocatingElementHandler.java:51)
	at jdk.proxy2/jdk.proxy2.$Proxy14.click(Unknown Source)
	at project_2.airline_app.Search_Page.ClickFrom(Search_Page.java:15)
	at project_2.airline_app.TestCase12.loginSearCHLogout(TestCase12.java:25)
	at java.base/java.util.ArrayList.forEach(ArrayList.java:1511)
	at java.base/java.util.concurrent.FutureTask.run(FutureTask.java:264)
	at java.base/java.util.concurrent.ThreadPoolExecutor.runWorker(ThreadPoolExecutor.java:1136)
	at java.base/java.util.concurrent.ThreadPoolExecutor$Worker.run(ThreadPoolExecutor.java:635)
	at java.base/java.lang.Thread.run(Thread.java:840)
... Removed 26 stack frames</div></td></tr></table><p class="totop"><a href="#summary">back to summary</a></p>
<h3 id="m1">project_2.airline_app.TestCase12#loginSearCHLogout</h3><table class="result"><tr><th>Exception</th></tr><tr><td><div class="stacktrace">org.openqa.selenium.ElementClickInterceptedException: element click intercepted: Element &lt;input id=&quot;FromSector_show&quot; tabindex=&quot;1&quot; onkeydown=&quot;TocontrolTabClickFrom(event)&quot; type=&quot;text&quot; onchange=&quot;ChangeCabin();&quot; onblur=&quot;checkDOM()&quot; class=&quot;autoFlll cityinput&quot; placeholder=&quot;From&quot; autocomplete=&quot;off&quot; onclick=&quot;MulticityClearText(&apos;fromautoFill&apos;, this.id,&apos;F&apos;);&quot; readonly=&quot;&quot;&gt; is not clickable at point (364, 273). Other element would receive the click: &lt;div class=&quot;_newlognsec&quot;&gt;...&lt;/div&gt;
  (Session info: chrome=127.0.6533.100)
Build info: version: &apos;4.21.0&apos;, revision: &apos;79ed462ef4&apos;
System info: os.name: &apos;Windows 11&apos;, os.arch: &apos;amd64&apos;, os.version: &apos;10.0&apos;, java.version: &apos;17.0.10&apos;
Driver info: org.openqa.selenium.chrome.ChromeDriver
Command: [81196950631be3a505b589e786bca913, clickElement {id=f.53185684AAE66C4CF26D1CC63566EAE0.d.2D679EBFC3ECDCD5E1E651334B4E2A2C.e.205}]
Capabilities {acceptInsecureCerts: false, browserName: chrome, browserVersion: 127.0.6533.100, chrome: {chromedriverVersion: 127.0.6533.99 (f31af5097d90..., userDataDir: C:\Users\Admin\AppData\Loca...}, fedcm:accounts: true, goog:chromeOptions: {debuggerAddress: localhost:65389}, networkConnectionEnabled: false, pageLoadStrategy: normal, platformName: windows, proxy: Proxy(), se:cdp: ws://localhost:65389/devtoo..., se:cdpVersion: 127.0.6533.100, setWindowRect: true, strictFileInteractability: false, timeouts: {implicit: 0, pageLoad: 300000, script: 30000}, unhandledPromptBehavior: dismiss and notify, webauthn:extension:credBlob: true, webauthn:extension:largeBlob: true, webauthn:extension:minPinLength: true, webauthn:extension:prf: true, webauthn:virtualAuthenticators: true}
Element: [[ChromeDriver: chrome on windows (81196950631be3a505b589e786bca913)] -&gt; xpath: //input[@id=&apos;FromSector_show&apos;]]
Session ID: 81196950631be3a505b589e786bca913
	at org.openqa.selenium.remote.ErrorCodec.decode(ErrorCodec.java:167)
	at org.openqa.selenium.remote.codec.w3c.W3CHttpResponseCodec.decode(W3CHttpResponseCodec.java:138)
	at org.openqa.selenium.remote.codec.w3c.W3CHttpResponseCodec.decode(W3CHttpResponseCodec.java:50)
	at org.openqa.selenium.remote.HttpCommandExecutor.execute(HttpCommandExecutor.java:190)
	at org.openqa.selenium.remote.service.DriverCommandExecutor.invokeExecute(DriverCommandExecutor.java:216)
	at org.openqa.selenium.remote.service.DriverCommandExecutor.execute(DriverCommandExecutor.java:174)
	at org.openqa.selenium.remote.RemoteWebDriver.execute(RemoteWebDriver.java:518)
	at org.openqa.selenium.remote.RemoteWebElement.execute(RemoteWebElement.java:223)
	at org.openqa.selenium.remote.RemoteWebElement.click(RemoteWebElement.java:76)
	at org.openqa.selenium.support.pagefactory.internal.LocatingElementHandler.invoke(LocatingElementHandler.java:51)
	at jdk.proxy2/jdk.proxy2.$Proxy14.click(Unknown Source)
	at project_2.airline_app.Search_Page.ClickFrom(Search_Page.java:15)
	at project_2.airline_app.TestCase12.loginSearCHLogout(TestCase12.java:25)
	at java.base/java.util.ArrayList.forEach(ArrayList.java:1511)
	at java.base/java.util.concurrent.FutureTask.run(FutureTask.java:264)
	at java.base/java.util.concurrent.ThreadPoolExecutor.runWorker(ThreadPoolExecutor.java:1136)
	at java.base/java.util.concurrent.ThreadPoolExecutor$Worker.run(ThreadPoolExecutor.java:635)
	at java.base/java.lang.Thread.run(Thread.java:840)
... Removed 26 stack frames</div></td></tr></table><p class="totop"><a href="#summary">back to summary</a></p>
<h3 id="m2">project_2.airline_app.TestCase12#loginSearCHLogout</h3><table class="result"><tr><th>Exception</th></tr><tr><td><div class="stacktrace">org.openqa.selenium.ElementClickInterceptedException: element click intercepted: Element &lt;input id=&quot;FromSector_show&quot; tabindex=&quot;1&quot; onkeydown=&quot;TocontrolTabClickFrom(event)&quot; type=&quot;text&quot; onchange=&quot;ChangeCabin();&quot; onblur=&quot;checkDOM()&quot; class=&quot;autoFlll cityinput&quot; placeholder=&quot;From&quot; autocomplete=&quot;off&quot; onclick=&quot;MulticityClearText(&apos;fromautoFill&apos;, this.id,&apos;F&apos;);&quot; readonly=&quot;&quot;&gt; is not clickable at point (364, 273). Other element would receive the click: &lt;div class=&quot;_newlognsec&quot;&gt;...&lt;/div&gt;
  (Session info: chrome=127.0.6533.100)
Build info: version: &apos;4.21.0&apos;, revision: &apos;79ed462ef4&apos;
System info: os.name: &apos;Windows 11&apos;, os.arch: &apos;amd64&apos;, os.version: &apos;10.0&apos;, java.version: &apos;17.0.10&apos;
Driver info: org.openqa.selenium.chrome.ChromeDriver
Command: [0d53c71ca44f9465fd527c8e38dc4b7b, clickElement {id=f.A2996362F4A57584A472893027FFC789.d.709AB4C232790771D5FDC224C49D2732.e.206}]
Capabilities {acceptInsecureCerts: false, browserName: chrome, browserVersion: 127.0.6533.100, chrome: {chromedriverVersion: 127.0.6533.99 (f31af5097d90..., userDataDir: C:\Users\Admin\AppData\Loca...}, fedcm:accounts: true, goog:chromeOptions: {debuggerAddress: localhost:65509}, networkConnectionEnabled: false, pageLoadStrategy: normal, platformName: windows, proxy: Proxy(), se:cdp: ws://localhost:65509/devtoo..., se:cdpVersion: 127.0.6533.100, setWindowRect: true, strictFileInteractability: false, timeouts: {implicit: 0, pageLoad: 300000, script: 30000}, unhandledPromptBehavior: dismiss and notify, webauthn:extension:credBlob: true, webauthn:extension:largeBlob: true, webauthn:extension:minPinLength: true, webauthn:extension:prf: true, webauthn:virtualAuthenticators: true}
Element: [[ChromeDriver: chrome on windows (0d53c71ca44f9465fd527c8e38dc4b7b)] -&gt; xpath: //input[@id=&apos;FromSector_show&apos;]]
Session ID: 0d53c71ca44f9465fd527c8e38dc4b7b
	at org.openqa.selenium.remote.ErrorCodec.decode(ErrorCodec.java:167)
	at org.openqa.selenium.remote.codec.w3c.W3CHttpResponseCodec.decode(W3CHttpResponseCodec.java:138)
	at org.openqa.selenium.remote.codec.w3c.W3CHttpResponseCodec.decode(W3CHttpResponseCodec.java:50)
	at org.openqa.selenium.remote.HttpCommandExecutor.execute(HttpCommandExecutor.java:190)
	at org.openqa.selenium.remote.service.DriverCommandExecutor.invokeExecute(DriverCommandExecutor.java:216)
	at org.openqa.selenium.remote.service.DriverCommandExecutor.execute(DriverCommandExecutor.java:174)
	at org.openqa.selenium.remote.RemoteWebDriver.execute(RemoteWebDriver.java:518)
	at org.openqa.selenium.remote.RemoteWebElement.execute(RemoteWebElement.java:223)
	at org.openqa.selenium.remote.RemoteWebElement.click(RemoteWebElement.java:76)
	at org.openqa.selenium.support.pagefactory.internal.LocatingElementHandler.invoke(LocatingElementHandler.java:51)
	at jdk.proxy2/jdk.proxy2.$Proxy14.click(Unknown Source)
	at project_2.airline_app.Search_Page.ClickFrom(Search_Page.java:15)
	at project_2.airline_app.TestCase12.loginSearCHLogout(TestCase12.java:25)
	at java.base/java.util.ArrayList.forEach(ArrayList.java:1511)
	at java.base/java.util.concurrent.FutureTask.run(FutureTask.java:264)
	at java.base/java.util.concurrent.ThreadPoolExecutor.runWorker(ThreadPoolExecutor.java:1136)
	at java.base/java.util.concurrent.ThreadPoolExecutor$Worker.run(ThreadPoolExecutor.java:635)
	at java.base/java.lang.Thread.run(Thread.java:840)
... Removed 26 stack frames</div></td></tr></table><p class="totop"><a href="#summary">back to summary</a></p>
<h3 id="m3">project_2.airline_app.TestCase12#loginSearCHLogout</h3><table class="result"><tr><th>Exception</th></tr><tr><td><div class="stacktrace">org.openqa.selenium.ElementClickInterceptedException: element click intercepted: Element &lt;input id=&quot;FromSector_show&quot; tabindex=&quot;1&quot; onkeydown=&quot;TocontrolTabClickFrom(event)&quot; type=&quot;text&quot; onchange=&quot;ChangeCabin();&quot; onblur=&quot;checkDOM()&quot; class=&quot;autoFlll cityinput&quot; placeholder=&quot;From&quot; autocomplete=&quot;off&quot; onclick=&quot;MulticityClearText(&apos;fromautoFill&apos;, this.id,&apos;F&apos;);&quot; readonly=&quot;&quot;&gt; is not clickable at point (364, 273). Other element would receive the click: &lt;div class=&quot;_newlognsec&quot;&gt;...&lt;/div&gt;
  (Session info: chrome=127.0.6533.100)
Build info: version: &apos;4.21.0&apos;, revision: &apos;79ed462ef4&apos;
System info: os.name: &apos;Windows 11&apos;, os.arch: &apos;amd64&apos;, os.version: &apos;10.0&apos;, java.version: &apos;17.0.10&apos;
Driver info: org.openqa.selenium.chrome.ChromeDriver
Command: [bbd41fdd30336a80856f4e097932185f, clickElement {id=f.AC26F65C8F8D0FA34E83138432AF8ACC.d.82490DEA5D6C648C4E1ED14E18889127.e.207}]
Capabilities {acceptInsecureCerts: false, browserName: chrome, browserVersion: 127.0.6533.100, chrome: {chromedriverVersion: 127.0.6533.99 (f31af5097d90..., userDataDir: C:\Users\Admin\AppData\Loca...}, fedcm:accounts: true, goog:chromeOptions: {debuggerAddress: localhost:65449}, networkConnectionEnabled: false, pageLoadStrategy: normal, platformName: windows, proxy: Proxy(), se:cdp: ws://localhost:65449/devtoo..., se:cdpVersion: 127.0.6533.100, setWindowRect: true, strictFileInteractability: false, timeouts: {implicit: 0, pageLoad: 300000, script: 30000}, unhandledPromptBehavior: dismiss and notify, webauthn:extension:credBlob: true, webauthn:extension:largeBlob: true, webauthn:extension:minPinLength: true, webauthn:extension:prf: true, webauthn:virtualAuthenticators: true}
Element: [[ChromeDriver: chrome on windows (bbd41fdd30336a80856f4e097932185f)] -&gt; xpath: //input[@id=&apos;FromSector_show&apos;]]
Session ID: bbd41fdd30336a80856f4e097932185f
	at org.openqa.selenium.remote.ErrorCodec.decode(ErrorCodec.java:167)
	at org.openqa.selenium.remote.codec.w3c.W3CHttpResponseCodec.decode(W3CHttpResponseCodec.java:138)
	at org.openqa.selenium.remote.codec.w3c.W3CHttpResponseCodec.decode(W3CHttpResponseCodec.java:50)
	at org.openqa.selenium.remote.HttpCommandExecutor.execute(HttpCommandExecutor.java:190)
	at org.openqa.selenium.remote.service.DriverCommandExecutor.invokeExecute(DriverCommandExecutor.java:216)
	at org.openqa.selenium.remote.service.DriverCommandExecutor.execute(DriverCommandExecutor.java:174)
	at org.openqa.selenium.remote.RemoteWebDriver.execute(RemoteWebDriver.java:518)
	at org.openqa.selenium.remote.RemoteWebElement.execute(RemoteWebElement.java:223)
	at org.openqa.selenium.remote.RemoteWebElement.click(RemoteWebElement.java:76)
	at org.openqa.selenium.support.pagefactory.internal.LocatingElementHandler.invoke(LocatingElementHandler.java:51)
	at jdk.proxy2/jdk.proxy2.$Proxy14.click(Unknown Source)
	at project_2.airline_app.Search_Page.ClickFrom(Search_Page.java:15)
	at project_2.airline_app.TestCase12.loginSearCHLogout(TestCase12.java:25)
	at java.base/java.util.ArrayList.forEach(ArrayList.java:1511)
	at java.base/java.util.concurrent.FutureTask.run(FutureTask.java:264)
	at java.base/java.util.concurrent.ThreadPoolExecutor.runWorker(ThreadPoolExecutor.java:1136)
	at java.base/java.util.concurrent.ThreadPoolExecutor$Worker.run(ThreadPoolExecutor.java:635)
	at java.base/java.lang.Thread.run(Thread.java:840)
... Removed 26 stack frames</div></td></tr></table><p class="totop"><a href="#summary">back to summary</a></p>
<h3 id="m4">project_2.airline_app.TestCase15#validatePayments</h3><table class="result"><tr><th>Exception</th></tr><tr><td><div class="stacktrace">org.openqa.selenium.ElementNotInteractableException: element not interactable
  (Session info: chrome=127.0.6533.100)
Build info: version: &apos;4.21.0&apos;, revision: &apos;79ed462ef4&apos;
System info: os.name: &apos;Windows 11&apos;, os.arch: &apos;amd64&apos;, os.version: &apos;10.0&apos;, java.version: &apos;17.0.10&apos;
Driver info: org.openqa.selenium.chrome.ChromeDriver
Command: [76b64cb2a27fa31c63ce797a96d2d718, sendKeysToElement {value=[Ljava.lang.CharSequence;@5d84d4e3, id=f.9AC7AE6BF7672C0F8F1C89626F24B94A.d.13CAAE2D3B8E28E140CBE5DBCEB5E214.e.1631}]
Capabilities {acceptInsecureCerts: false, browserName: chrome, browserVersion: 127.0.6533.100, chrome: {chromedriverVersion: 127.0.6533.99 (f31af5097d90..., userDataDir: C:\Users\Admin\AppData\Loca...}, fedcm:accounts: true, goog:chromeOptions: {debuggerAddress: localhost:49396}, networkConnectionEnabled: false, pageLoadStrategy: normal, platformName: windows, proxy: Proxy(), se:cdp: ws://localhost:49396/devtoo..., se:cdpVersion: 127.0.6533.100, setWindowRect: true, strictFileInteractability: false, timeouts: {implicit: 0, pageLoad: 300000, script: 30000}, unhandledPromptBehavior: dismiss and notify, webauthn:extension:credBlob: true, webauthn:extension:largeBlob: true, webauthn:extension:minPinLength: true, webauthn:extension:prf: true, webauthn:virtualAuthenticators: true}
Element: [[ChromeDriver: chrome on windows (76b64cb2a27fa31c63ce797a96d2d718)] -&gt; id: CC]
Session ID: 76b64cb2a27fa31c63ce797a96d2d718
	at org.openqa.selenium.remote.ErrorCodec.decode(ErrorCodec.java:167)
	at org.openqa.selenium.remote.codec.w3c.W3CHttpResponseCodec.decode(W3CHttpResponseCodec.java:138)
	at org.openqa.selenium.remote.codec.w3c.W3CHttpResponseCodec.decode(W3CHttpResponseCodec.java:50)
	at org.openqa.selenium.remote.HttpCommandExecutor.execute(HttpCommandExecutor.java:190)
	at org.openqa.selenium.remote.service.DriverCommandExecutor.invokeExecute(DriverCommandExecutor.java:216)
	at org.openqa.selenium.remote.service.DriverCommandExecutor.execute(DriverCommandExecutor.java:174)
	at org.openqa.selenium.remote.RemoteWebDriver.execute(RemoteWebDriver.java:518)
	at org.openqa.selenium.remote.RemoteWebElement.execute(RemoteWebElement.java:223)
	at org.openqa.selenium.remote.RemoteWebElement.sendKeys(RemoteWebElement.java:110)
	at org.openqa.selenium.support.pagefactory.internal.LocatingElementHandler.invoke(LocatingElementHandler.java:51)
	at jdk.proxy2/jdk.proxy2.$Proxy14.sendKeys(Unknown Source)
	at project_2.airline_app.Payments_Page.enterCardNumber(Payments_Page.java:14)
	at project_2.airline_app.TestCase15.validatePayments(TestCase15.java:41)
	at java.base/java.util.ArrayList.forEach(ArrayList.java:1511)
	at java.base/java.util.concurrent.FutureTask.run(FutureTask.java:264)
	at java.base/java.util.concurrent.ThreadPoolExecutor.runWorker(ThreadPoolExecutor.java:1136)
	at java.base/java.util.concurrent.ThreadPoolExecutor$Worker.run(ThreadPoolExecutor.java:635)
	at java.base/java.lang.Thread.run(Thread.java:840)
... Removed 26 stack frames</div></td></tr></table><p class="totop"><a href="#summary">back to summary</a></p>
<h3 id="m5">project_2.airline_app.TestCase01#registration</h3><table class="result"><tr><th>Messages</th></tr><tr><td><div class="messages">Test case Ppassed</div></td></tr></table><p class="totop"><a href="#summary">back to summary</a></p>
<h3 id="m6">project_2.airline_app.TestCase02#verifyLogin</h3><table class="result"><tr><th>Messages</th></tr><tr><td><div class="messages">Test case Ppassed</div></td></tr></table><p class="totop"><a href="#summary">back to summary</a></p>
<h3 id="m7">project_2.airline_app.TestCase03#login_usingInvalidCredentials</h3><table class="result"><tr><th>Messages</th></tr><tr><td><div class="messages">Test case Ppassed</div></td></tr></table><p class="totop"><a href="#summary">back to summary</a></p>
<h3 id="m8">project_2.airline_app.TestCase04#oneWayTrip</h3><table class="result"><tr><th>Messages</th></tr><tr><td><div class="messages">Test case Ppassed</div></td></tr></table><p class="totop"><a href="#summary">back to summary</a></p>
<h3 id="m9">project_2.airline_app.TestCase05#roundTrip</h3><table class="result"><tr><th>Messages</th></tr><tr><td><div class="messages">Test case Ppassed</div></td></tr></table><p class="totop"><a href="#summary">back to summary</a></p>
<h3 id="m10">project_2.airline_app.TestCase06#economyBussinessFirstClass</h3><table class="result"><tr><th>Messages</th></tr><tr><td><div class="messages">Test case Ppassed</div></td></tr></table><p class="totop"><a href="#summary">back to summary</a></p>
<h3 id="m11">project_2.airline_app.TestCase07#multiCityFlight</h3><table class="result"><tr><th>Messages</th></tr><tr><td><div class="messages">Test case Ppassed</div></td></tr></table><p class="totop"><a href="#summary">back to summary</a></p>
<h3 id="m12">project_2.airline_app.TestCase08#seatSelection</h3><table class="result"><tr><th>Messages</th></tr><tr><td><div class="messages">Test case Ppassed</div></td></tr></table><p class="totop"><a href="#summary">back to summary</a></p>
<h3 id="m13">project_2.airline_app.TestCase09#multiplePassengers</h3><table class="result"><tr><th>Messages</th></tr><tr><td><div class="messages">Test case Ppassed</div></td></tr></table><p class="totop"><a href="#summary">back to summary</a></p>
<h3 id="m14">project_2.airline_app.TestCase10#validations</h3><table class="result"><tr><th>Messages</th></tr><tr><td><div class="messages">Test case Ppassed</div></td></tr></table><p class="totop"><a href="#summary">back to summary</a></p>
<h3 id="m15">project_2.airline_app.TestCase11#validations2</h3><table class="result"><tr><th>Messages</th></tr><tr><td><div class="messages">Test case Ppassed</div></td></tr></table><p class="totop"><a href="#summary">back to summary</a></p>
<h3 id="m16">project_2.airline_app.TestCase13#validateCoupon</h3><table class="result"><tr><th>Messages</th></tr><tr><td><div class="messages">Test case Ppassed</div></td></tr></table><p class="totop"><a href="#summary">back to summary</a></p>
<h3 id="m17">project_2.airline_app.TestCase14#domestiCRoundTrip</h3><table class="result"><tr><th>Messages</th></tr><tr><td><div class="messages">Test case Ppassed</div></td></tr></table><p class="totop"><a href="#summary">back to summary</a></p>
<h3 id="m18">project_2.airline_app.TestCase15#validatePayments</h3><table class="result"><tr><th>Messages</th></tr><tr><td><div class="messages">Test case Ppassed</div></td></tr></table><p class="totop"><a href="#summary">back to summary</a></p>
</body>
</html>
