<?xml version="1.0" encoding="UTF-8"?>
<testng-results retried="4" ignored="0" total="19" passed="14" failed="1" skipped="0">
  <reporter-output>
    <line>
      <![CDATA[Test case Ppassed]]>
    </line>
    <line>
      <![CDATA[Test case Ppassed]]>
    </line>
    <line>
      <![CDATA[Test case Ppassed]]>
    </line>
    <line>
      <![CDATA[Test case Ppassed]]>
    </line>
    <line>
      <![CDATA[Test case Ppassed]]>
    </line>
    <line>
      <![CDATA[Test case Ppassed]]>
    </line>
    <line>
      <![CDATA[Test case Ppassed]]>
    </line>
    <line>
      <![CDATA[Test case Ppassed]]>
    </line>
    <line>
      <![CDATA[Test case Ppassed]]>
    </line>
    <line>
      <![CDATA[Test case Ppassed]]>
    </line>
    <line>
      <![CDATA[Test case Ppassed]]>
    </line>
    <line>
      <![CDATA[Test case Ffailed]]>
    </line>
    <line>
      <![CDATA[Test case Ppassed]]>
    </line>
    <line>
      <![CDATA[Test case Ppassed]]>
    </line>
    <line>
      <![CDATA[Test case Ppassed]]>
    </line>
  </reporter-output>
  <suite started-at="2024-08-10T12:29:41 IST" name="Suite" finished-at="2024-08-10T12:35:04 IST" duration-ms="322826">
    <groups>
    </groups>
    <test started-at="2024-08-10T12:29:41 IST" name="testonchrome" finished-at="2024-08-10T12:35:04 IST" duration-ms="322826">
      <class name="project_2.airline_app.TestCase09">
        <test-method is-config="true" signature="launch(java.lang.String)[pri:0, instance:project_2.airline_app.TestCase09@771a660]" started-at="2024-08-10T12:31:35 IST" name="launch" finished-at="2024-08-10T12:31:40 IST" duration-ms="5284" status="PASS">
          <params>
            <param index="0">
              <value>
                <![CDATA[chrome]]>
              </value>
            </param>
          </params>
          <reporter-output>
          </reporter-output>
        </test-method> <!-- launch -->
        <test-method signature="multiplePassengers()[pri:0, instance:project_2.airline_app.TestCase09@771a660]" started-at="2024-08-10T12:31:40 IST" name="multiplePassengers" finished-at="2024-08-10T12:31:54 IST" duration-ms="13386" status="PASS">
          <reporter-output>
            <line>
              <![CDATA[Test case Ppassed]]>
            </line>
          </reporter-output>
        </test-method> <!-- multiplePassengers -->
        <test-method is-config="true" signature="tearDown()[pri:0, instance:project_2.airline_app.TestCase09@771a660]" started-at="2024-08-10T12:31:54 IST" name="tearDown" finished-at="2024-08-10T12:31:56 IST" duration-ms="1779" status="PASS">
          <reporter-output>
          </reporter-output>
        </test-method> <!-- tearDown -->
      </class> <!-- project_2.airline_app.TestCase09 -->
      <class name="project_2.airline_app.TestCase08">
        <test-method is-config="true" signature="launch(java.lang.String)[pri:0, instance:project_2.airline_app.TestCase08@73e9cf30]" started-at="2024-08-10T12:31:14 IST" name="launch" finished-at="2024-08-10T12:31:20 IST" duration-ms="6235" status="PASS">
          <params>
            <param index="0">
              <value>
                <![CDATA[chrome]]>
              </value>
            </param>
          </params>
          <reporter-output>
          </reporter-output>
        </test-method> <!-- launch -->
        <test-method signature="seatSelection()[pri:0, instance:project_2.airline_app.TestCase08@73e9cf30]" started-at="2024-08-10T12:31:20 IST" name="seatSelection" finished-at="2024-08-10T12:31:34 IST" duration-ms="14355" status="PASS">
          <reporter-output>
            <line>
              <![CDATA[Test case Ppassed]]>
            </line>
          </reporter-output>
        </test-method> <!-- seatSelection -->
        <test-method is-config="true" signature="tearDown()[pri:0, instance:project_2.airline_app.TestCase08@73e9cf30]" started-at="2024-08-10T12:31:35 IST" name="tearDown" finished-at="2024-08-10T12:31:35 IST" duration-ms="225" status="PASS">
          <reporter-output>
          </reporter-output>
        </test-method> <!-- tearDown -->
      </class> <!-- project_2.airline_app.TestCase08 -->
      <class name="project_2.airline_app.TestCase07">
        <test-method is-config="true" signature="launch(java.lang.String)[pri:0, instance:project_2.airline_app.TestCase07@7db12bb6]" started-at="2024-08-10T12:30:57 IST" name="launch" finished-at="2024-08-10T12:31:03 IST" duration-ms="5673" status="PASS">
          <params>
            <param index="0">
              <value>
                <![CDATA[chrome]]>
              </value>
            </param>
          </params>
          <reporter-output>
          </reporter-output>
        </test-method> <!-- launch -->
        <test-method signature="multiCityFlight()[pri:0, instance:project_2.airline_app.TestCase07@7db12bb6]" started-at="2024-08-10T12:31:03 IST" name="multiCityFlight" finished-at="2024-08-10T12:31:13 IST" duration-ms="10219" status="PASS">
          <reporter-output>
            <line>
              <![CDATA[Test case Ppassed]]>
            </line>
          </reporter-output>
        </test-method> <!-- multiCityFlight -->
        <test-method is-config="true" signature="tearDown()[pri:0, instance:project_2.airline_app.TestCase07@7db12bb6]" started-at="2024-08-10T12:31:13 IST" name="tearDown" finished-at="2024-08-10T12:31:14 IST" duration-ms="224" status="PASS">
          <reporter-output>
          </reporter-output>
        </test-method> <!-- tearDown -->
      </class> <!-- project_2.airline_app.TestCase07 -->
      <class name="project_2.airline_app.TestCase06">
        <test-method is-config="true" signature="launch(java.lang.String)[pri:0, instance:project_2.airline_app.TestCase06@273e7444]" started-at="2024-08-10T12:30:43 IST" name="launch" finished-at="2024-08-10T12:30:48 IST" duration-ms="5773" status="PASS">
          <params>
            <param index="0">
              <value>
                <![CDATA[chrome]]>
              </value>
            </param>
          </params>
          <reporter-output>
          </reporter-output>
        </test-method> <!-- launch -->
        <test-method signature="economyBussinessFirstClass()[pri:0, instance:project_2.airline_app.TestCase06@273e7444]" started-at="2024-08-10T12:30:48 IST" name="economyBussinessFirstClass" finished-at="2024-08-10T12:30:57 IST" duration-ms="8215" status="PASS">
          <reporter-output>
            <line>
              <![CDATA[Test case Ppassed]]>
            </line>
          </reporter-output>
        </test-method> <!-- economyBussinessFirstClass -->
        <test-method is-config="true" signature="tearDown()[pri:0, instance:project_2.airline_app.TestCase06@273e7444]" started-at="2024-08-10T12:30:57 IST" name="tearDown" finished-at="2024-08-10T12:30:57 IST" duration-ms="269" status="PASS">
          <reporter-output>
          </reporter-output>
        </test-method> <!-- tearDown -->
      </class> <!-- project_2.airline_app.TestCase06 -->
      <class name="project_2.airline_app.TestCase05">
        <test-method is-config="true" signature="launch(java.lang.String)[pri:0, instance:project_2.airline_app.TestCase05@52b1beb6]" started-at="2024-08-10T12:30:28 IST" name="launch" finished-at="2024-08-10T12:30:34 IST" duration-ms="6035" status="PASS">
          <params>
            <param index="0">
              <value>
                <![CDATA[chrome]]>
              </value>
            </param>
          </params>
          <reporter-output>
          </reporter-output>
        </test-method> <!-- launch -->
        <test-method signature="roundTrip()[pri:0, instance:project_2.airline_app.TestCase05@52b1beb6]" started-at="2024-08-10T12:30:34 IST" name="roundTrip" finished-at="2024-08-10T12:30:42 IST" duration-ms="8447" status="PASS">
          <reporter-output>
            <line>
              <![CDATA[Test case Ppassed]]>
            </line>
          </reporter-output>
        </test-method> <!-- roundTrip -->
        <test-method is-config="true" signature="tearDown()[pri:0, instance:project_2.airline_app.TestCase05@52b1beb6]" started-at="2024-08-10T12:30:43 IST" name="tearDown" finished-at="2024-08-10T12:30:43 IST" duration-ms="177" status="PASS">
          <reporter-output>
          </reporter-output>
        </test-method> <!-- tearDown -->
      </class> <!-- project_2.airline_app.TestCase05 -->
      <class name="project_2.airline_app.TestCase15">
        <test-method is-config="true" signature="launch(java.lang.String)[pri:0, instance:project_2.airline_app.TestCase15@1ed6388a]" started-at="2024-08-10T12:34:04 IST" name="launch" finished-at="2024-08-10T12:34:09 IST" duration-ms="5751" status="PASS">
          <params>
            <param index="0">
              <value>
                <![CDATA[chrome]]>
              </value>
            </param>
          </params>
          <reporter-output>
          </reporter-output>
        </test-method> <!-- launch -->
        <test-method retried="true" signature="validatePayments()[pri:0, instance:project_2.airline_app.TestCase15@1ed6388a]" started-at="2024-08-10T12:34:09 IST" name="validatePayments" finished-at="2024-08-10T12:34:34 IST" duration-ms="24687" status="SKIP">
          <exception class="org.openqa.selenium.ElementNotInteractableException">
            <message>
              <![CDATA[element not interactable
  (Session info: chrome=127.0.6533.100)
Build info: version: '4.21.0', revision: '79ed462ef4'
System info: os.name: 'Windows 11', os.arch: 'amd64', os.version: '10.0', java.version: '17.0.10'
Driver info: org.openqa.selenium.chrome.ChromeDriver
Command: [76b64cb2a27fa31c63ce797a96d2d718, sendKeysToElement {value=[Ljava.lang.CharSequence;@5d84d4e3, id=f.9AC7AE6BF7672C0F8F1C89626F24B94A.d.13CAAE2D3B8E28E140CBE5DBCEB5E214.e.1631}]
Capabilities {acceptInsecureCerts: false, browserName: chrome, browserVersion: 127.0.6533.100, chrome: {chromedriverVersion: 127.0.6533.99 (f31af5097d90..., userDataDir: C:\Users\Admin\AppData\Loca...}, fedcm:accounts: true, goog:chromeOptions: {debuggerAddress: localhost:49396}, networkConnectionEnabled: false, pageLoadStrategy: normal, platformName: windows, proxy: Proxy(), se:cdp: ws://localhost:49396/devtoo..., se:cdpVersion: 127.0.6533.100, setWindowRect: true, strictFileInteractability: false, timeouts: {implicit: 0, pageLoad: 300000, script: 30000}, unhandledPromptBehavior: dismiss and notify, webauthn:extension:credBlob: true, webauthn:extension:largeBlob: true, webauthn:extension:minPinLength: true, webauthn:extension:prf: true, webauthn:virtualAuthenticators: true}
Element: [[ChromeDriver: chrome on windows (76b64cb2a27fa31c63ce797a96d2d718)] -> id: CC]
Session ID: 76b64cb2a27fa31c63ce797a96d2d718]]>
            </message>
            <full-stacktrace>
              <![CDATA[org.openqa.selenium.ElementNotInteractableException: element not interactable
  (Session info: chrome=127.0.6533.100)
Build info: version: '4.21.0', revision: '79ed462ef4'
System info: os.name: 'Windows 11', os.arch: 'amd64', os.version: '10.0', java.version: '17.0.10'
Driver info: org.openqa.selenium.chrome.ChromeDriver
Command: [76b64cb2a27fa31c63ce797a96d2d718, sendKeysToElement {value=[Ljava.lang.CharSequence;@5d84d4e3, id=f.9AC7AE6BF7672C0F8F1C89626F24B94A.d.13CAAE2D3B8E28E140CBE5DBCEB5E214.e.1631}]
Capabilities {acceptInsecureCerts: false, browserName: chrome, browserVersion: 127.0.6533.100, chrome: {chromedriverVersion: 127.0.6533.99 (f31af5097d90..., userDataDir: C:\Users\Admin\AppData\Loca...}, fedcm:accounts: true, goog:chromeOptions: {debuggerAddress: localhost:49396}, networkConnectionEnabled: false, pageLoadStrategy: normal, platformName: windows, proxy: Proxy(), se:cdp: ws://localhost:49396/devtoo..., se:cdpVersion: 127.0.6533.100, setWindowRect: true, strictFileInteractability: false, timeouts: {implicit: 0, pageLoad: 300000, script: 30000}, unhandledPromptBehavior: dismiss and notify, webauthn:extension:credBlob: true, webauthn:extension:largeBlob: true, webauthn:extension:minPinLength: true, webauthn:extension:prf: true, webauthn:virtualAuthenticators: true}
Element: [[ChromeDriver: chrome on windows (76b64cb2a27fa31c63ce797a96d2d718)] -> id: CC]
Session ID: 76b64cb2a27fa31c63ce797a96d2d718
at java.base/jdk.internal.reflect.NativeConstructorAccessorImpl.newInstance0(Native Method)
at java.base/jdk.internal.reflect.NativeConstructorAccessorImpl.newInstance(NativeConstructorAccessorImpl.java:77)
at java.base/jdk.internal.reflect.DelegatingConstructorAccessorImpl.newInstance(DelegatingConstructorAccessorImpl.java:45)
at java.base/java.lang.reflect.Constructor.newInstanceWithCaller(Constructor.java:499)
at java.base/java.lang.reflect.Constructor.newInstance(Constructor.java:480)
at org.openqa.selenium.remote.ErrorCodec.decode(ErrorCodec.java:167)
at org.openqa.selenium.remote.codec.w3c.W3CHttpResponseCodec.decode(W3CHttpResponseCodec.java:138)
at org.openqa.selenium.remote.codec.w3c.W3CHttpResponseCodec.decode(W3CHttpResponseCodec.java:50)
at org.openqa.selenium.remote.HttpCommandExecutor.execute(HttpCommandExecutor.java:190)
at org.openqa.selenium.remote.service.DriverCommandExecutor.invokeExecute(DriverCommandExecutor.java:216)
at org.openqa.selenium.remote.service.DriverCommandExecutor.execute(DriverCommandExecutor.java:174)
at org.openqa.selenium.remote.RemoteWebDriver.execute(RemoteWebDriver.java:518)
at org.openqa.selenium.remote.RemoteWebElement.execute(RemoteWebElement.java:223)
at org.openqa.selenium.remote.RemoteWebElement.sendKeys(RemoteWebElement.java:110)
at jdk.internal.reflect.GeneratedMethodAccessor4.invoke(Unknown Source)
at java.base/jdk.internal.reflect.DelegatingMethodAccessorImpl.invoke(DelegatingMethodAccessorImpl.java:43)
at java.base/java.lang.reflect.Method.invoke(Method.java:568)
at org.openqa.selenium.support.pagefactory.internal.LocatingElementHandler.invoke(LocatingElementHandler.java:51)
at jdk.proxy2/jdk.proxy2.$Proxy14.sendKeys(Unknown Source)
at project_2.airline_app.Payments_Page.enterCardNumber(Payments_Page.java:14)
at project_2.airline_app.TestCase15.validatePayments(TestCase15.java:41)
at java.base/jdk.internal.reflect.NativeMethodAccessorImpl.invoke0(Native Method)
at java.base/jdk.internal.reflect.NativeMethodAccessorImpl.invoke(NativeMethodAccessorImpl.java:77)
at java.base/jdk.internal.reflect.DelegatingMethodAccessorImpl.invoke(DelegatingMethodAccessorImpl.java:43)
at java.base/java.lang.reflect.Method.invoke(Method.java:568)
at org.testng.internal.MethodInvocationHelper.invokeMethod(MethodInvocationHelper.java:133)
at org.testng.internal.TestInvoker.invokeMethod(TestInvoker.java:598)
at org.testng.internal.TestInvoker.invokeTestMethod(TestInvoker.java:173)
at org.testng.internal.MethodRunner.runInSequence(MethodRunner.java:46)
at org.testng.internal.TestInvoker$MethodInvocationAgent.invoke(TestInvoker.java:824)
at org.testng.internal.TestInvoker.invokeTestMethods(TestInvoker.java:146)
at org.testng.internal.TestMethodWorker.invokeTestMethods(TestMethodWorker.java:146)
at org.testng.internal.TestMethodWorker.run(TestMethodWorker.java:128)
at java.base/java.util.ArrayList.forEach(ArrayList.java:1511)
at org.testng.TestRunner.privateRun(TestRunner.java:794)
at org.testng.TestRunner.run(TestRunner.java:596)
at org.testng.SuiteRunner.runTest(SuiteRunner.java:377)
at org.testng.SuiteRunner.access$000(SuiteRunner.java:28)
at org.testng.SuiteRunner$SuiteWorker.run(SuiteRunner.java:418)
at org.testng.internal.thread.ThreadUtil.lambda$execute$0(ThreadUtil.java:64)
at java.base/java.util.concurrent.FutureTask.run(FutureTask.java:264)
at java.base/java.util.concurrent.ThreadPoolExecutor.runWorker(ThreadPoolExecutor.java:1136)
at java.base/java.util.concurrent.ThreadPoolExecutor$Worker.run(ThreadPoolExecutor.java:635)
at java.base/java.lang.Thread.run(Thread.java:840)
]]>
            </full-stacktrace>
          </exception> <!-- org.openqa.selenium.ElementNotInteractableException -->
          <reporter-output>
          </reporter-output>
        </test-method> <!-- validatePayments -->
        <test-method is-config="true" signature="tearDown()[pri:0, instance:project_2.airline_app.TestCase15@1ed6388a]" started-at="2024-08-10T12:34:34 IST" name="tearDown" finished-at="2024-08-10T12:34:34 IST" duration-ms="408" status="PASS">
          <reporter-output>
          </reporter-output>
        </test-method> <!-- tearDown -->
        <test-method is-config="true" signature="launch(java.lang.String)[pri:0, instance:project_2.airline_app.TestCase15@1ed6388a]" started-at="2024-08-10T12:34:34 IST" name="launch" finished-at="2024-08-10T12:34:40 IST" duration-ms="5377" status="PASS">
          <params>
            <param index="0">
              <value>
                <![CDATA[chrome]]>
              </value>
            </param>
          </params>
          <reporter-output>
          </reporter-output>
        </test-method> <!-- launch -->
        <test-method signature="validatePayments()[pri:0, instance:project_2.airline_app.TestCase15@1ed6388a]" started-at="2024-08-10T12:34:40 IST" name="validatePayments" finished-at="2024-08-10T12:34:59 IST" duration-ms="19534" status="PASS">
          <reporter-output>
            <line>
              <![CDATA[Test case Ppassed]]>
            </line>
          </reporter-output>
        </test-method> <!-- validatePayments -->
        <test-method is-config="true" signature="tearDown()[pri:0, instance:project_2.airline_app.TestCase15@1ed6388a]" started-at="2024-08-10T12:35:04 IST" name="tearDown" finished-at="2024-08-10T12:35:04 IST" duration-ms="260" status="PASS">
          <reporter-output>
          </reporter-output>
        </test-method> <!-- tearDown -->
      </class> <!-- project_2.airline_app.TestCase15 -->
      <class name="project_2.airline_app.TestCase04">
        <test-method is-config="true" signature="launch(java.lang.String)[pri:0, instance:project_2.airline_app.TestCase04@53aac487]" started-at="2024-08-10T12:30:13 IST" name="launch" finished-at="2024-08-10T12:30:18 IST" duration-ms="5333" status="PASS">
          <params>
            <param index="0">
              <value>
                <![CDATA[chrome]]>
              </value>
            </param>
          </params>
          <reporter-output>
          </reporter-output>
        </test-method> <!-- launch -->
        <test-method signature="oneWayTrip()[pri:0, instance:project_2.airline_app.TestCase04@53aac487]" started-at="2024-08-10T12:30:18 IST" name="oneWayTrip" finished-at="2024-08-10T12:30:27 IST" duration-ms="9068" status="PASS">
          <reporter-output>
            <line>
              <![CDATA[Test case Ppassed]]>
            </line>
          </reporter-output>
        </test-method> <!-- oneWayTrip -->
        <test-method is-config="true" signature="tearDown()[pri:0, instance:project_2.airline_app.TestCase04@53aac487]" started-at="2024-08-10T12:30:27 IST" name="tearDown" finished-at="2024-08-10T12:30:28 IST" duration-ms="302" status="PASS">
          <reporter-output>
          </reporter-output>
        </test-method> <!-- tearDown -->
      </class> <!-- project_2.airline_app.TestCase04 -->
      <class name="project_2.airline_app.TestCase14">
        <test-method is-config="true" signature="launch(java.lang.String)[pri:0, instance:project_2.airline_app.TestCase14@942a29c]" started-at="2024-08-10T12:33:50 IST" name="launch" finished-at="2024-08-10T12:33:55 IST" duration-ms="5528" status="PASS">
          <params>
            <param index="0">
              <value>
                <![CDATA[chrome]]>
              </value>
            </param>
          </params>
          <reporter-output>
          </reporter-output>
        </test-method> <!-- launch -->
        <test-method signature="domestiCRoundTrip()[pri:0, instance:project_2.airline_app.TestCase14@942a29c]" started-at="2024-08-10T12:33:55 IST" name="domestiCRoundTrip" finished-at="2024-08-10T12:34:03 IST" duration-ms="7607" status="PASS">
          <reporter-output>
            <line>
              <![CDATA[Test case Ppassed]]>
            </line>
          </reporter-output>
        </test-method> <!-- domestiCRoundTrip -->
        <test-method is-config="true" signature="tearDown()[pri:0, instance:project_2.airline_app.TestCase14@942a29c]" started-at="2024-08-10T12:34:03 IST" name="tearDown" finished-at="2024-08-10T12:34:04 IST" duration-ms="223" status="PASS">
          <reporter-output>
          </reporter-output>
        </test-method> <!-- tearDown -->
      </class> <!-- project_2.airline_app.TestCase14 -->
      <class name="project_2.airline_app.TestCase03">
        <test-method is-config="true" signature="launch(java.lang.String)[pri:0, instance:project_2.airline_app.TestCase03@54e1c68b]" started-at="2024-08-10T12:30:03 IST" name="launch" finished-at="2024-08-10T12:30:09 IST" duration-ms="5910" status="PASS">
          <params>
            <param index="0">
              <value>
                <![CDATA[chrome]]>
              </value>
            </param>
          </params>
          <reporter-output>
          </reporter-output>
        </test-method> <!-- launch -->
        <test-method signature="login_usingInvalidCredentials()[pri:0, instance:project_2.airline_app.TestCase03@54e1c68b]" started-at="2024-08-10T12:30:09 IST" name="login_usingInvalidCredentials" finished-at="2024-08-10T12:30:12 IST" duration-ms="2980" status="PASS">
          <reporter-output>
            <line>
              <![CDATA[Test case Ppassed]]>
            </line>
          </reporter-output>
        </test-method> <!-- login_usingInvalidCredentials -->
        <test-method is-config="true" signature="tearDown()[pri:0, instance:project_2.airline_app.TestCase03@54e1c68b]" started-at="2024-08-10T12:30:12 IST" name="tearDown" finished-at="2024-08-10T12:30:13 IST" duration-ms="216" status="PASS">
          <reporter-output>
          </reporter-output>
        </test-method> <!-- tearDown -->
      </class> <!-- project_2.airline_app.TestCase03 -->
      <class name="project_2.airline_app.TestCase13">
        <test-method is-config="true" signature="launch(java.lang.String)[pri:0, instance:project_2.airline_app.TestCase13@3527942a]" started-at="2024-08-10T12:33:30 IST" name="launch" finished-at="2024-08-10T12:33:36 IST" duration-ms="5935" status="PASS">
          <params>
            <param index="0">
              <value>
                <![CDATA[chrome]]>
              </value>
            </param>
          </params>
          <reporter-output>
          </reporter-output>
        </test-method> <!-- launch -->
        <test-method signature="validateCoupon()[pri:0, instance:project_2.airline_app.TestCase13@3527942a]" started-at="2024-08-10T12:33:36 IST" name="validateCoupon" finished-at="2024-08-10T12:33:49 IST" duration-ms="13364" status="PASS">
          <reporter-output>
            <line>
              <![CDATA[Test case Ppassed]]>
            </line>
          </reporter-output>
        </test-method> <!-- validateCoupon -->
        <test-method is-config="true" signature="tearDown()[pri:0, instance:project_2.airline_app.TestCase13@3527942a]" started-at="2024-08-10T12:33:50 IST" name="tearDown" finished-at="2024-08-10T12:33:50 IST" duration-ms="270" status="PASS">
          <reporter-output>
          </reporter-output>
        </test-method> <!-- tearDown -->
      </class> <!-- project_2.airline_app.TestCase13 -->
      <class name="project_2.airline_app.TestCase02">
        <test-method is-config="true" signature="launch(java.lang.String)[pri:0, instance:project_2.airline_app.TestCase02@72e5a8e]" started-at="2024-08-10T12:29:52 IST" name="launch" finished-at="2024-08-10T12:29:58 IST" duration-ms="6420" status="PASS">
          <params>
            <param index="0">
              <value>
                <![CDATA[chrome]]>
              </value>
            </param>
          </params>
          <reporter-output>
          </reporter-output>
        </test-method> <!-- launch -->
        <test-method signature="verifyLogin()[pri:0, instance:project_2.airline_app.TestCase02@72e5a8e]" started-at="2024-08-10T12:29:58 IST" name="verifyLogin" finished-at="2024-08-10T12:30:02 IST" duration-ms="3335" status="PASS">
          <reporter-output>
            <line>
              <![CDATA[Test case Ppassed]]>
            </line>
          </reporter-output>
        </test-method> <!-- verifyLogin -->
        <test-method is-config="true" signature="tearDown()[pri:0, instance:project_2.airline_app.TestCase02@72e5a8e]" started-at="2024-08-10T12:30:03 IST" name="tearDown" finished-at="2024-08-10T12:30:03 IST" duration-ms="224" status="PASS">
          <reporter-output>
          </reporter-output>
        </test-method> <!-- tearDown -->
      </class> <!-- project_2.airline_app.TestCase02 -->
      <class name="project_2.airline_app.TestCase01">
        <test-method is-config="true" signature="launch(java.lang.String)[pri:0, instance:project_2.airline_app.TestCase01@c88a337]" started-at="2024-08-10T12:29:41 IST" name="launch" finished-at="2024-08-10T12:29:48 IST" duration-ms="6733" status="PASS">
          <params>
            <param index="0">
              <value>
                <![CDATA[chrome]]>
              </value>
            </param>
          </params>
          <reporter-output>
          </reporter-output>
        </test-method> <!-- launch -->
        <test-method signature="registration()[pri:0, instance:project_2.airline_app.TestCase01@c88a337]" started-at="2024-08-10T12:29:48 IST" name="registration" finished-at="2024-08-10T12:29:51 IST" duration-ms="2472" status="PASS">
          <reporter-output>
            <line>
              <![CDATA[Test case Ppassed]]>
            </line>
          </reporter-output>
        </test-method> <!-- registration -->
        <test-method is-config="true" signature="tearDown()[pri:0, instance:project_2.airline_app.TestCase01@c88a337]" started-at="2024-08-10T12:29:52 IST" name="tearDown" finished-at="2024-08-10T12:29:52 IST" duration-ms="273" status="PASS">
          <reporter-output>
          </reporter-output>
        </test-method> <!-- tearDown -->
      </class> <!-- project_2.airline_app.TestCase01 -->
      <class name="project_2.airline_app.TestCase12">
        <test-method is-config="true" signature="launch(java.lang.String)[pri:0, instance:project_2.airline_app.TestCase12@3f6f6701]" started-at="2024-08-10T12:32:37 IST" name="launch" finished-at="2024-08-10T12:32:43 IST" duration-ms="6471" status="PASS">
          <params>
            <param index="0">
              <value>
                <![CDATA[chrome]]>
              </value>
            </param>
          </params>
          <reporter-output>
          </reporter-output>
        </test-method> <!-- launch -->
        <test-method retried="true" signature="loginSearCHLogout()[pri:0, instance:project_2.airline_app.TestCase12@3f6f6701]" started-at="2024-08-10T12:32:43 IST" name="loginSearCHLogout" finished-at="2024-08-10T12:32:48 IST" duration-ms="4806" status="SKIP">
          <exception class="org.openqa.selenium.ElementClickInterceptedException">
            <message>
              <![CDATA[element click intercepted: Element <input id="FromSector_show" tabindex="1" onkeydown="TocontrolTabClickFrom(event)" type="text" onchange="ChangeCabin();" onblur="checkDOM()" class="autoFlll cityinput" placeholder="From" autocomplete="off" onclick="MulticityClearText('fromautoFill', this.id,'F');" readonly=""> is not clickable at point (364, 273). Other element would receive the click: <div class="_newlognsec">...</div>
  (Session info: chrome=127.0.6533.100)
Build info: version: '4.21.0', revision: '79ed462ef4'
System info: os.name: 'Windows 11', os.arch: 'amd64', os.version: '10.0', java.version: '17.0.10'
Driver info: org.openqa.selenium.chrome.ChromeDriver
Command: [81196950631be3a505b589e786bca913, clickElement {id=f.53185684AAE66C4CF26D1CC63566EAE0.d.2D679EBFC3ECDCD5E1E651334B4E2A2C.e.205}]
Capabilities {acceptInsecureCerts: false, browserName: chrome, browserVersion: 127.0.6533.100, chrome: {chromedriverVersion: 127.0.6533.99 (f31af5097d90..., userDataDir: C:\Users\Admin\AppData\Loca...}, fedcm:accounts: true, goog:chromeOptions: {debuggerAddress: localhost:65389}, networkConnectionEnabled: false, pageLoadStrategy: normal, platformName: windows, proxy: Proxy(), se:cdp: ws://localhost:65389/devtoo..., se:cdpVersion: 127.0.6533.100, setWindowRect: true, strictFileInteractability: false, timeouts: {implicit: 0, pageLoad: 300000, script: 30000}, unhandledPromptBehavior: dismiss and notify, webauthn:extension:credBlob: true, webauthn:extension:largeBlob: true, webauthn:extension:minPinLength: true, webauthn:extension:prf: true, webauthn:virtualAuthenticators: true}
Element: [[ChromeDriver: chrome on windows (81196950631be3a505b589e786bca913)] -> xpath: //input[@id='FromSector_show']]
Session ID: 81196950631be3a505b589e786bca913]]>
            </message>
            <full-stacktrace>
              <![CDATA[org.openqa.selenium.ElementClickInterceptedException: element click intercepted: Element <input id="FromSector_show" tabindex="1" onkeydown="TocontrolTabClickFrom(event)" type="text" onchange="ChangeCabin();" onblur="checkDOM()" class="autoFlll cityinput" placeholder="From" autocomplete="off" onclick="MulticityClearText('fromautoFill', this.id,'F');" readonly=""> is not clickable at point (364, 273). Other element would receive the click: <div class="_newlognsec">...</div>
  (Session info: chrome=127.0.6533.100)
Build info: version: '4.21.0', revision: '79ed462ef4'
System info: os.name: 'Windows 11', os.arch: 'amd64', os.version: '10.0', java.version: '17.0.10'
Driver info: org.openqa.selenium.chrome.ChromeDriver
Command: [81196950631be3a505b589e786bca913, clickElement {id=f.53185684AAE66C4CF26D1CC63566EAE0.d.2D679EBFC3ECDCD5E1E651334B4E2A2C.e.205}]
Capabilities {acceptInsecureCerts: false, browserName: chrome, browserVersion: 127.0.6533.100, chrome: {chromedriverVersion: 127.0.6533.99 (f31af5097d90..., userDataDir: C:\Users\Admin\AppData\Loca...}, fedcm:accounts: true, goog:chromeOptions: {debuggerAddress: localhost:65389}, networkConnectionEnabled: false, pageLoadStrategy: normal, platformName: windows, proxy: Proxy(), se:cdp: ws://localhost:65389/devtoo..., se:cdpVersion: 127.0.6533.100, setWindowRect: true, strictFileInteractability: false, timeouts: {implicit: 0, pageLoad: 300000, script: 30000}, unhandledPromptBehavior: dismiss and notify, webauthn:extension:credBlob: true, webauthn:extension:largeBlob: true, webauthn:extension:minPinLength: true, webauthn:extension:prf: true, webauthn:virtualAuthenticators: true}
Element: [[ChromeDriver: chrome on windows (81196950631be3a505b589e786bca913)] -> xpath: //input[@id='FromSector_show']]
Session ID: 81196950631be3a505b589e786bca913
at java.base/jdk.internal.reflect.NativeConstructorAccessorImpl.newInstance0(Native Method)
at java.base/jdk.internal.reflect.NativeConstructorAccessorImpl.newInstance(NativeConstructorAccessorImpl.java:77)
at java.base/jdk.internal.reflect.DelegatingConstructorAccessorImpl.newInstance(DelegatingConstructorAccessorImpl.java:45)
at java.base/java.lang.reflect.Constructor.newInstanceWithCaller(Constructor.java:499)
at java.base/java.lang.reflect.Constructor.newInstance(Constructor.java:480)
at org.openqa.selenium.remote.ErrorCodec.decode(ErrorCodec.java:167)
at org.openqa.selenium.remote.codec.w3c.W3CHttpResponseCodec.decode(W3CHttpResponseCodec.java:138)
at org.openqa.selenium.remote.codec.w3c.W3CHttpResponseCodec.decode(W3CHttpResponseCodec.java:50)
at org.openqa.selenium.remote.HttpCommandExecutor.execute(HttpCommandExecutor.java:190)
at org.openqa.selenium.remote.service.DriverCommandExecutor.invokeExecute(DriverCommandExecutor.java:216)
at org.openqa.selenium.remote.service.DriverCommandExecutor.execute(DriverCommandExecutor.java:174)
at org.openqa.selenium.remote.RemoteWebDriver.execute(RemoteWebDriver.java:518)
at org.openqa.selenium.remote.RemoteWebElement.execute(RemoteWebElement.java:223)
at org.openqa.selenium.remote.RemoteWebElement.click(RemoteWebElement.java:76)
at jdk.internal.reflect.GeneratedMethodAccessor1.invoke(Unknown Source)
at java.base/jdk.internal.reflect.DelegatingMethodAccessorImpl.invoke(DelegatingMethodAccessorImpl.java:43)
at java.base/java.lang.reflect.Method.invoke(Method.java:568)
at org.openqa.selenium.support.pagefactory.internal.LocatingElementHandler.invoke(LocatingElementHandler.java:51)
at jdk.proxy2/jdk.proxy2.$Proxy14.click(Unknown Source)
at project_2.airline_app.Search_Page.ClickFrom(Search_Page.java:15)
at project_2.airline_app.TestCase12.loginSearCHLogout(TestCase12.java:25)
at java.base/jdk.internal.reflect.NativeMethodAccessorImpl.invoke0(Native Method)
at java.base/jdk.internal.reflect.NativeMethodAccessorImpl.invoke(NativeMethodAccessorImpl.java:77)
at java.base/jdk.internal.reflect.DelegatingMethodAccessorImpl.invoke(DelegatingMethodAccessorImpl.java:43)
at java.base/java.lang.reflect.Method.invoke(Method.java:568)
at org.testng.internal.MethodInvocationHelper.invokeMethod(MethodInvocationHelper.java:133)
at org.testng.internal.TestInvoker.invokeMethod(TestInvoker.java:598)
at org.testng.internal.TestInvoker.invokeTestMethod(TestInvoker.java:173)
at org.testng.internal.MethodRunner.runInSequence(MethodRunner.java:46)
at org.testng.internal.TestInvoker$MethodInvocationAgent.invoke(TestInvoker.java:824)
at org.testng.internal.TestInvoker.invokeTestMethods(TestInvoker.java:146)
at org.testng.internal.TestMethodWorker.invokeTestMethods(TestMethodWorker.java:146)
at org.testng.internal.TestMethodWorker.run(TestMethodWorker.java:128)
at java.base/java.util.ArrayList.forEach(ArrayList.java:1511)
at org.testng.TestRunner.privateRun(TestRunner.java:794)
at org.testng.TestRunner.run(TestRunner.java:596)
at org.testng.SuiteRunner.runTest(SuiteRunner.java:377)
at org.testng.SuiteRunner.access$000(SuiteRunner.java:28)
at org.testng.SuiteRunner$SuiteWorker.run(SuiteRunner.java:418)
at org.testng.internal.thread.ThreadUtil.lambda$execute$0(ThreadUtil.java:64)
at java.base/java.util.concurrent.FutureTask.run(FutureTask.java:264)
at java.base/java.util.concurrent.ThreadPoolExecutor.runWorker(ThreadPoolExecutor.java:1136)
at java.base/java.util.concurrent.ThreadPoolExecutor$Worker.run(ThreadPoolExecutor.java:635)
at java.base/java.lang.Thread.run(Thread.java:840)
]]>
            </full-stacktrace>
          </exception> <!-- org.openqa.selenium.ElementClickInterceptedException -->
          <reporter-output>
          </reporter-output>
        </test-method> <!-- loginSearCHLogout -->
        <test-method is-config="true" signature="tearDown()[pri:0, instance:project_2.airline_app.TestCase12@3f6f6701]" started-at="2024-08-10T12:32:48 IST" name="tearDown" finished-at="2024-08-10T12:32:48 IST" duration-ms="297" status="PASS">
          <reporter-output>
          </reporter-output>
        </test-method> <!-- tearDown -->
        <test-method is-config="true" signature="launch(java.lang.String)[pri:0, instance:project_2.airline_app.TestCase12@3f6f6701]" started-at="2024-08-10T12:32:48 IST" name="launch" finished-at="2024-08-10T12:32:54 IST" duration-ms="5868" status="PASS">
          <params>
            <param index="0">
              <value>
                <![CDATA[chrome]]>
              </value>
            </param>
          </params>
          <reporter-output>
          </reporter-output>
        </test-method> <!-- launch -->
        <test-method retried="true" signature="loginSearCHLogout()[pri:0, instance:project_2.airline_app.TestCase12@3f6f6701]" started-at="2024-08-10T12:32:54 IST" name="loginSearCHLogout" finished-at="2024-08-10T12:32:59 IST" duration-ms="4993" status="SKIP">
          <exception class="org.openqa.selenium.ElementClickInterceptedException">
            <message>
              <![CDATA[element click intercepted: Element <input id="FromSector_show" tabindex="1" onkeydown="TocontrolTabClickFrom(event)" type="text" onchange="ChangeCabin();" onblur="checkDOM()" class="autoFlll cityinput" placeholder="From" autocomplete="off" onclick="MulticityClearText('fromautoFill', this.id,'F');" readonly=""> is not clickable at point (364, 273). Other element would receive the click: <div class="_newlognsec">...</div>
  (Session info: chrome=127.0.6533.100)
Build info: version: '4.21.0', revision: '79ed462ef4'
System info: os.name: 'Windows 11', os.arch: 'amd64', os.version: '10.0', java.version: '17.0.10'
Driver info: org.openqa.selenium.chrome.ChromeDriver
Command: [bbd41fdd30336a80856f4e097932185f, clickElement {id=f.AC26F65C8F8D0FA34E83138432AF8ACC.d.82490DEA5D6C648C4E1ED14E18889127.e.207}]
Capabilities {acceptInsecureCerts: false, browserName: chrome, browserVersion: 127.0.6533.100, chrome: {chromedriverVersion: 127.0.6533.99 (f31af5097d90..., userDataDir: C:\Users\Admin\AppData\Loca...}, fedcm:accounts: true, goog:chromeOptions: {debuggerAddress: localhost:65449}, networkConnectionEnabled: false, pageLoadStrategy: normal, platformName: windows, proxy: Proxy(), se:cdp: ws://localhost:65449/devtoo..., se:cdpVersion: 127.0.6533.100, setWindowRect: true, strictFileInteractability: false, timeouts: {implicit: 0, pageLoad: 300000, script: 30000}, unhandledPromptBehavior: dismiss and notify, webauthn:extension:credBlob: true, webauthn:extension:largeBlob: true, webauthn:extension:minPinLength: true, webauthn:extension:prf: true, webauthn:virtualAuthenticators: true}
Element: [[ChromeDriver: chrome on windows (bbd41fdd30336a80856f4e097932185f)] -> xpath: //input[@id='FromSector_show']]
Session ID: bbd41fdd30336a80856f4e097932185f]]>
            </message>
            <full-stacktrace>
              <![CDATA[org.openqa.selenium.ElementClickInterceptedException: element click intercepted: Element <input id="FromSector_show" tabindex="1" onkeydown="TocontrolTabClickFrom(event)" type="text" onchange="ChangeCabin();" onblur="checkDOM()" class="autoFlll cityinput" placeholder="From" autocomplete="off" onclick="MulticityClearText('fromautoFill', this.id,'F');" readonly=""> is not clickable at point (364, 273). Other element would receive the click: <div class="_newlognsec">...</div>
  (Session info: chrome=127.0.6533.100)
Build info: version: '4.21.0', revision: '79ed462ef4'
System info: os.name: 'Windows 11', os.arch: 'amd64', os.version: '10.0', java.version: '17.0.10'
Driver info: org.openqa.selenium.chrome.ChromeDriver
Command: [bbd41fdd30336a80856f4e097932185f, clickElement {id=f.AC26F65C8F8D0FA34E83138432AF8ACC.d.82490DEA5D6C648C4E1ED14E18889127.e.207}]
Capabilities {acceptInsecureCerts: false, browserName: chrome, browserVersion: 127.0.6533.100, chrome: {chromedriverVersion: 127.0.6533.99 (f31af5097d90..., userDataDir: C:\Users\Admin\AppData\Loca...}, fedcm:accounts: true, goog:chromeOptions: {debuggerAddress: localhost:65449}, networkConnectionEnabled: false, pageLoadStrategy: normal, platformName: windows, proxy: Proxy(), se:cdp: ws://localhost:65449/devtoo..., se:cdpVersion: 127.0.6533.100, setWindowRect: true, strictFileInteractability: false, timeouts: {implicit: 0, pageLoad: 300000, script: 30000}, unhandledPromptBehavior: dismiss and notify, webauthn:extension:credBlob: true, webauthn:extension:largeBlob: true, webauthn:extension:minPinLength: true, webauthn:extension:prf: true, webauthn:virtualAuthenticators: true}
Element: [[ChromeDriver: chrome on windows (bbd41fdd30336a80856f4e097932185f)] -> xpath: //input[@id='FromSector_show']]
Session ID: bbd41fdd30336a80856f4e097932185f
at java.base/jdk.internal.reflect.NativeConstructorAccessorImpl.newInstance0(Native Method)
at java.base/jdk.internal.reflect.NativeConstructorAccessorImpl.newInstance(NativeConstructorAccessorImpl.java:77)
at java.base/jdk.internal.reflect.DelegatingConstructorAccessorImpl.newInstance(DelegatingConstructorAccessorImpl.java:45)
at java.base/java.lang.reflect.Constructor.newInstanceWithCaller(Constructor.java:499)
at java.base/java.lang.reflect.Constructor.newInstance(Constructor.java:480)
at org.openqa.selenium.remote.ErrorCodec.decode(ErrorCodec.java:167)
at org.openqa.selenium.remote.codec.w3c.W3CHttpResponseCodec.decode(W3CHttpResponseCodec.java:138)
at org.openqa.selenium.remote.codec.w3c.W3CHttpResponseCodec.decode(W3CHttpResponseCodec.java:50)
at org.openqa.selenium.remote.HttpCommandExecutor.execute(HttpCommandExecutor.java:190)
at org.openqa.selenium.remote.service.DriverCommandExecutor.invokeExecute(DriverCommandExecutor.java:216)
at org.openqa.selenium.remote.service.DriverCommandExecutor.execute(DriverCommandExecutor.java:174)
at org.openqa.selenium.remote.RemoteWebDriver.execute(RemoteWebDriver.java:518)
at org.openqa.selenium.remote.RemoteWebElement.execute(RemoteWebElement.java:223)
at org.openqa.selenium.remote.RemoteWebElement.click(RemoteWebElement.java:76)
at jdk.internal.reflect.GeneratedMethodAccessor1.invoke(Unknown Source)
at java.base/jdk.internal.reflect.DelegatingMethodAccessorImpl.invoke(DelegatingMethodAccessorImpl.java:43)
at java.base/java.lang.reflect.Method.invoke(Method.java:568)
at org.openqa.selenium.support.pagefactory.internal.LocatingElementHandler.invoke(LocatingElementHandler.java:51)
at jdk.proxy2/jdk.proxy2.$Proxy14.click(Unknown Source)
at project_2.airline_app.Search_Page.ClickFrom(Search_Page.java:15)
at project_2.airline_app.TestCase12.loginSearCHLogout(TestCase12.java:25)
at java.base/jdk.internal.reflect.NativeMethodAccessorImpl.invoke0(Native Method)
at java.base/jdk.internal.reflect.NativeMethodAccessorImpl.invoke(NativeMethodAccessorImpl.java:77)
at java.base/jdk.internal.reflect.DelegatingMethodAccessorImpl.invoke(DelegatingMethodAccessorImpl.java:43)
at java.base/java.lang.reflect.Method.invoke(Method.java:568)
at org.testng.internal.MethodInvocationHelper.invokeMethod(MethodInvocationHelper.java:133)
at org.testng.internal.TestInvoker.invokeMethod(TestInvoker.java:598)
at org.testng.internal.TestInvoker.retryFailed(TestInvoker.java:213)
at org.testng.internal.MethodRunner.runInSequence(MethodRunner.java:58)
at org.testng.internal.TestInvoker$MethodInvocationAgent.invoke(TestInvoker.java:824)
at org.testng.internal.TestInvoker.invokeTestMethods(TestInvoker.java:146)
at org.testng.internal.TestMethodWorker.invokeTestMethods(TestMethodWorker.java:146)
at org.testng.internal.TestMethodWorker.run(TestMethodWorker.java:128)
at java.base/java.util.ArrayList.forEach(ArrayList.java:1511)
at org.testng.TestRunner.privateRun(TestRunner.java:794)
at org.testng.TestRunner.run(TestRunner.java:596)
at org.testng.SuiteRunner.runTest(SuiteRunner.java:377)
at org.testng.SuiteRunner.access$000(SuiteRunner.java:28)
at org.testng.SuiteRunner$SuiteWorker.run(SuiteRunner.java:418)
at org.testng.internal.thread.ThreadUtil.lambda$execute$0(ThreadUtil.java:64)
at java.base/java.util.concurrent.FutureTask.run(FutureTask.java:264)
at java.base/java.util.concurrent.ThreadPoolExecutor.runWorker(ThreadPoolExecutor.java:1136)
at java.base/java.util.concurrent.ThreadPoolExecutor$Worker.run(ThreadPoolExecutor.java:635)
at java.base/java.lang.Thread.run(Thread.java:840)
]]>
            </full-stacktrace>
          </exception> <!-- org.openqa.selenium.ElementClickInterceptedException -->
          <reporter-output>
          </reporter-output>
        </test-method> <!-- loginSearCHLogout -->
        <test-method is-config="true" signature="tearDown()[pri:0, instance:project_2.airline_app.TestCase12@3f6f6701]" started-at="2024-08-10T12:32:59 IST" name="tearDown" finished-at="2024-08-10T12:32:59 IST" duration-ms="286" status="PASS">
          <reporter-output>
          </reporter-output>
        </test-method> <!-- tearDown -->
        <test-method is-config="true" signature="launch(java.lang.String)[pri:0, instance:project_2.airline_app.TestCase12@3f6f6701]" started-at="2024-08-10T12:32:59 IST" name="launch" finished-at="2024-08-10T12:33:13 IST" duration-ms="13809" status="PASS">
          <params>
            <param index="0">
              <value>
                <![CDATA[chrome]]>
              </value>
            </param>
          </params>
          <reporter-output>
          </reporter-output>
        </test-method> <!-- launch -->
        <test-method retried="true" signature="loginSearCHLogout()[pri:0, instance:project_2.airline_app.TestCase12@3f6f6701]" started-at="2024-08-10T12:33:13 IST" name="loginSearCHLogout" finished-at="2024-08-10T12:33:18 IST" duration-ms="4950" status="SKIP">
          <exception class="org.openqa.selenium.ElementClickInterceptedException">
            <message>
              <![CDATA[element click intercepted: Element <input id="FromSector_show" tabindex="1" onkeydown="TocontrolTabClickFrom(event)" type="text" onchange="ChangeCabin();" onblur="checkDOM()" class="autoFlll cityinput" placeholder="From" autocomplete="off" onclick="MulticityClearText('fromautoFill', this.id,'F');" readonly=""> is not clickable at point (364, 273). Other element would receive the click: <div class="_newlognsec">...</div>
  (Session info: chrome=127.0.6533.100)
Build info: version: '4.21.0', revision: '79ed462ef4'
System info: os.name: 'Windows 11', os.arch: 'amd64', os.version: '10.0', java.version: '17.0.10'
Driver info: org.openqa.selenium.chrome.ChromeDriver
Command: [0d53c71ca44f9465fd527c8e38dc4b7b, clickElement {id=f.A2996362F4A57584A472893027FFC789.d.709AB4C232790771D5FDC224C49D2732.e.206}]
Capabilities {acceptInsecureCerts: false, browserName: chrome, browserVersion: 127.0.6533.100, chrome: {chromedriverVersion: 127.0.6533.99 (f31af5097d90..., userDataDir: C:\Users\Admin\AppData\Loca...}, fedcm:accounts: true, goog:chromeOptions: {debuggerAddress: localhost:65509}, networkConnectionEnabled: false, pageLoadStrategy: normal, platformName: windows, proxy: Proxy(), se:cdp: ws://localhost:65509/devtoo..., se:cdpVersion: 127.0.6533.100, setWindowRect: true, strictFileInteractability: false, timeouts: {implicit: 0, pageLoad: 300000, script: 30000}, unhandledPromptBehavior: dismiss and notify, webauthn:extension:credBlob: true, webauthn:extension:largeBlob: true, webauthn:extension:minPinLength: true, webauthn:extension:prf: true, webauthn:virtualAuthenticators: true}
Element: [[ChromeDriver: chrome on windows (0d53c71ca44f9465fd527c8e38dc4b7b)] -> xpath: //input[@id='FromSector_show']]
Session ID: 0d53c71ca44f9465fd527c8e38dc4b7b]]>
            </message>
            <full-stacktrace>
              <![CDATA[org.openqa.selenium.ElementClickInterceptedException: element click intercepted: Element <input id="FromSector_show" tabindex="1" onkeydown="TocontrolTabClickFrom(event)" type="text" onchange="ChangeCabin();" onblur="checkDOM()" class="autoFlll cityinput" placeholder="From" autocomplete="off" onclick="MulticityClearText('fromautoFill', this.id,'F');" readonly=""> is not clickable at point (364, 273). Other element would receive the click: <div class="_newlognsec">...</div>
  (Session info: chrome=127.0.6533.100)
Build info: version: '4.21.0', revision: '79ed462ef4'
System info: os.name: 'Windows 11', os.arch: 'amd64', os.version: '10.0', java.version: '17.0.10'
Driver info: org.openqa.selenium.chrome.ChromeDriver
Command: [0d53c71ca44f9465fd527c8e38dc4b7b, clickElement {id=f.A2996362F4A57584A472893027FFC789.d.709AB4C232790771D5FDC224C49D2732.e.206}]
Capabilities {acceptInsecureCerts: false, browserName: chrome, browserVersion: 127.0.6533.100, chrome: {chromedriverVersion: 127.0.6533.99 (f31af5097d90..., userDataDir: C:\Users\Admin\AppData\Loca...}, fedcm:accounts: true, goog:chromeOptions: {debuggerAddress: localhost:65509}, networkConnectionEnabled: false, pageLoadStrategy: normal, platformName: windows, proxy: Proxy(), se:cdp: ws://localhost:65509/devtoo..., se:cdpVersion: 127.0.6533.100, setWindowRect: true, strictFileInteractability: false, timeouts: {implicit: 0, pageLoad: 300000, script: 30000}, unhandledPromptBehavior: dismiss and notify, webauthn:extension:credBlob: true, webauthn:extension:largeBlob: true, webauthn:extension:minPinLength: true, webauthn:extension:prf: true, webauthn:virtualAuthenticators: true}
Element: [[ChromeDriver: chrome on windows (0d53c71ca44f9465fd527c8e38dc4b7b)] -> xpath: //input[@id='FromSector_show']]
Session ID: 0d53c71ca44f9465fd527c8e38dc4b7b
at java.base/jdk.internal.reflect.NativeConstructorAccessorImpl.newInstance0(Native Method)
at java.base/jdk.internal.reflect.NativeConstructorAccessorImpl.newInstance(NativeConstructorAccessorImpl.java:77)
at java.base/jdk.internal.reflect.DelegatingConstructorAccessorImpl.newInstance(DelegatingConstructorAccessorImpl.java:45)
at java.base/java.lang.reflect.Constructor.newInstanceWithCaller(Constructor.java:499)
at java.base/java.lang.reflect.Constructor.newInstance(Constructor.java:480)
at org.openqa.selenium.remote.ErrorCodec.decode(ErrorCodec.java:167)
at org.openqa.selenium.remote.codec.w3c.W3CHttpResponseCodec.decode(W3CHttpResponseCodec.java:138)
at org.openqa.selenium.remote.codec.w3c.W3CHttpResponseCodec.decode(W3CHttpResponseCodec.java:50)
at org.openqa.selenium.remote.HttpCommandExecutor.execute(HttpCommandExecutor.java:190)
at org.openqa.selenium.remote.service.DriverCommandExecutor.invokeExecute(DriverCommandExecutor.java:216)
at org.openqa.selenium.remote.service.DriverCommandExecutor.execute(DriverCommandExecutor.java:174)
at org.openqa.selenium.remote.RemoteWebDriver.execute(RemoteWebDriver.java:518)
at org.openqa.selenium.remote.RemoteWebElement.execute(RemoteWebElement.java:223)
at org.openqa.selenium.remote.RemoteWebElement.click(RemoteWebElement.java:76)
at jdk.internal.reflect.GeneratedMethodAccessor1.invoke(Unknown Source)
at java.base/jdk.internal.reflect.DelegatingMethodAccessorImpl.invoke(DelegatingMethodAccessorImpl.java:43)
at java.base/java.lang.reflect.Method.invoke(Method.java:568)
at org.openqa.selenium.support.pagefactory.internal.LocatingElementHandler.invoke(LocatingElementHandler.java:51)
at jdk.proxy2/jdk.proxy2.$Proxy14.click(Unknown Source)
at project_2.airline_app.Search_Page.ClickFrom(Search_Page.java:15)
at project_2.airline_app.TestCase12.loginSearCHLogout(TestCase12.java:25)
at java.base/jdk.internal.reflect.NativeMethodAccessorImpl.invoke0(Native Method)
at java.base/jdk.internal.reflect.NativeMethodAccessorImpl.invoke(NativeMethodAccessorImpl.java:77)
at java.base/jdk.internal.reflect.DelegatingMethodAccessorImpl.invoke(DelegatingMethodAccessorImpl.java:43)
at java.base/java.lang.reflect.Method.invoke(Method.java:568)
at org.testng.internal.MethodInvocationHelper.invokeMethod(MethodInvocationHelper.java:133)
at org.testng.internal.TestInvoker.invokeMethod(TestInvoker.java:598)
at org.testng.internal.TestInvoker.retryFailed(TestInvoker.java:213)
at org.testng.internal.MethodRunner.runInSequence(MethodRunner.java:58)
at org.testng.internal.TestInvoker$MethodInvocationAgent.invoke(TestInvoker.java:824)
at org.testng.internal.TestInvoker.invokeTestMethods(TestInvoker.java:146)
at org.testng.internal.TestMethodWorker.invokeTestMethods(TestMethodWorker.java:146)
at org.testng.internal.TestMethodWorker.run(TestMethodWorker.java:128)
at java.base/java.util.ArrayList.forEach(ArrayList.java:1511)
at org.testng.TestRunner.privateRun(TestRunner.java:794)
at org.testng.TestRunner.run(TestRunner.java:596)
at org.testng.SuiteRunner.runTest(SuiteRunner.java:377)
at org.testng.SuiteRunner.access$000(SuiteRunner.java:28)
at org.testng.SuiteRunner$SuiteWorker.run(SuiteRunner.java:418)
at org.testng.internal.thread.ThreadUtil.lambda$execute$0(ThreadUtil.java:64)
at java.base/java.util.concurrent.FutureTask.run(FutureTask.java:264)
at java.base/java.util.concurrent.ThreadPoolExecutor.runWorker(ThreadPoolExecutor.java:1136)
at java.base/java.util.concurrent.ThreadPoolExecutor$Worker.run(ThreadPoolExecutor.java:635)
at java.base/java.lang.Thread.run(Thread.java:840)
]]>
            </full-stacktrace>
          </exception> <!-- org.openqa.selenium.ElementClickInterceptedException -->
          <reporter-output>
          </reporter-output>
        </test-method> <!-- loginSearCHLogout -->
        <test-method is-config="true" signature="tearDown()[pri:0, instance:project_2.airline_app.TestCase12@3f6f6701]" started-at="2024-08-10T12:33:18 IST" name="tearDown" finished-at="2024-08-10T12:33:18 IST" duration-ms="313" status="PASS">
          <reporter-output>
          </reporter-output>
        </test-method> <!-- tearDown -->
        <test-method is-config="true" signature="launch(java.lang.String)[pri:0, instance:project_2.airline_app.TestCase12@3f6f6701]" started-at="2024-08-10T12:33:18 IST" name="launch" finished-at="2024-08-10T12:33:24 IST" duration-ms="5770" status="PASS">
          <params>
            <param index="0">
              <value>
                <![CDATA[chrome]]>
              </value>
            </param>
          </params>
          <reporter-output>
          </reporter-output>
        </test-method> <!-- launch -->
        <test-method signature="loginSearCHLogout()[pri:0, instance:project_2.airline_app.TestCase12@3f6f6701]" started-at="2024-08-10T12:33:24 IST" name="loginSearCHLogout" finished-at="2024-08-10T12:33:29 IST" duration-ms="4930" status="FAIL">
          <exception class="org.openqa.selenium.ElementClickInterceptedException">
            <message>
              <![CDATA[element click intercepted: Element <input id="FromSector_show" tabindex="1" onkeydown="TocontrolTabClickFrom(event)" type="text" onchange="ChangeCabin();" onblur="checkDOM()" class="autoFlll cityinput" placeholder="From" autocomplete="off" onclick="MulticityClearText('fromautoFill', this.id,'F');" readonly=""> is not clickable at point (364, 273). Other element would receive the click: <div class="_newlognsec">...</div>
  (Session info: chrome=127.0.6533.100)
Build info: version: '4.21.0', revision: '79ed462ef4'
System info: os.name: 'Windows 11', os.arch: 'amd64', os.version: '10.0', java.version: '17.0.10'
Driver info: org.openqa.selenium.chrome.ChromeDriver
Command: [94dd99d8fffcc853ed8fceda3194b33c, clickElement {id=f.807278D50A555B1C9688C6765614009E.d.51457B5C10418FC39ACF658337F3AD64.e.206}]
Capabilities {acceptInsecureCerts: false, browserName: chrome, browserVersion: 127.0.6533.100, chrome: {chromedriverVersion: 127.0.6533.99 (f31af5097d90..., userDataDir: C:\Users\Admin\AppData\Loca...}, fedcm:accounts: true, goog:chromeOptions: {debuggerAddress: localhost:49188}, networkConnectionEnabled: false, pageLoadStrategy: normal, platformName: windows, proxy: Proxy(), se:cdp: ws://localhost:49188/devtoo..., se:cdpVersion: 127.0.6533.100, setWindowRect: true, strictFileInteractability: false, timeouts: {implicit: 0, pageLoad: 300000, script: 30000}, unhandledPromptBehavior: dismiss and notify, webauthn:extension:credBlob: true, webauthn:extension:largeBlob: true, webauthn:extension:minPinLength: true, webauthn:extension:prf: true, webauthn:virtualAuthenticators: true}
Element: [[ChromeDriver: chrome on windows (94dd99d8fffcc853ed8fceda3194b33c)] -> xpath: //input[@id='FromSector_show']]
Session ID: 94dd99d8fffcc853ed8fceda3194b33c]]>
            </message>
            <full-stacktrace>
              <![CDATA[org.openqa.selenium.ElementClickInterceptedException: element click intercepted: Element <input id="FromSector_show" tabindex="1" onkeydown="TocontrolTabClickFrom(event)" type="text" onchange="ChangeCabin();" onblur="checkDOM()" class="autoFlll cityinput" placeholder="From" autocomplete="off" onclick="MulticityClearText('fromautoFill', this.id,'F');" readonly=""> is not clickable at point (364, 273). Other element would receive the click: <div class="_newlognsec">...</div>
  (Session info: chrome=127.0.6533.100)
Build info: version: '4.21.0', revision: '79ed462ef4'
System info: os.name: 'Windows 11', os.arch: 'amd64', os.version: '10.0', java.version: '17.0.10'
Driver info: org.openqa.selenium.chrome.ChromeDriver
Command: [94dd99d8fffcc853ed8fceda3194b33c, clickElement {id=f.807278D50A555B1C9688C6765614009E.d.51457B5C10418FC39ACF658337F3AD64.e.206}]
Capabilities {acceptInsecureCerts: false, browserName: chrome, browserVersion: 127.0.6533.100, chrome: {chromedriverVersion: 127.0.6533.99 (f31af5097d90..., userDataDir: C:\Users\Admin\AppData\Loca...}, fedcm:accounts: true, goog:chromeOptions: {debuggerAddress: localhost:49188}, networkConnectionEnabled: false, pageLoadStrategy: normal, platformName: windows, proxy: Proxy(), se:cdp: ws://localhost:49188/devtoo..., se:cdpVersion: 127.0.6533.100, setWindowRect: true, strictFileInteractability: false, timeouts: {implicit: 0, pageLoad: 300000, script: 30000}, unhandledPromptBehavior: dismiss and notify, webauthn:extension:credBlob: true, webauthn:extension:largeBlob: true, webauthn:extension:minPinLength: true, webauthn:extension:prf: true, webauthn:virtualAuthenticators: true}
Element: [[ChromeDriver: chrome on windows (94dd99d8fffcc853ed8fceda3194b33c)] -> xpath: //input[@id='FromSector_show']]
Session ID: 94dd99d8fffcc853ed8fceda3194b33c
at java.base/jdk.internal.reflect.NativeConstructorAccessorImpl.newInstance0(Native Method)
at java.base/jdk.internal.reflect.NativeConstructorAccessorImpl.newInstance(NativeConstructorAccessorImpl.java:77)
at java.base/jdk.internal.reflect.DelegatingConstructorAccessorImpl.newInstance(DelegatingConstructorAccessorImpl.java:45)
at java.base/java.lang.reflect.Constructor.newInstanceWithCaller(Constructor.java:499)
at java.base/java.lang.reflect.Constructor.newInstance(Constructor.java:480)
at org.openqa.selenium.remote.ErrorCodec.decode(ErrorCodec.java:167)
at org.openqa.selenium.remote.codec.w3c.W3CHttpResponseCodec.decode(W3CHttpResponseCodec.java:138)
at org.openqa.selenium.remote.codec.w3c.W3CHttpResponseCodec.decode(W3CHttpResponseCodec.java:50)
at org.openqa.selenium.remote.HttpCommandExecutor.execute(HttpCommandExecutor.java:190)
at org.openqa.selenium.remote.service.DriverCommandExecutor.invokeExecute(DriverCommandExecutor.java:216)
at org.openqa.selenium.remote.service.DriverCommandExecutor.execute(DriverCommandExecutor.java:174)
at org.openqa.selenium.remote.RemoteWebDriver.execute(RemoteWebDriver.java:518)
at org.openqa.selenium.remote.RemoteWebElement.execute(RemoteWebElement.java:223)
at org.openqa.selenium.remote.RemoteWebElement.click(RemoteWebElement.java:76)
at jdk.internal.reflect.GeneratedMethodAccessor1.invoke(Unknown Source)
at java.base/jdk.internal.reflect.DelegatingMethodAccessorImpl.invoke(DelegatingMethodAccessorImpl.java:43)
at java.base/java.lang.reflect.Method.invoke(Method.java:568)
at org.openqa.selenium.support.pagefactory.internal.LocatingElementHandler.invoke(LocatingElementHandler.java:51)
at jdk.proxy2/jdk.proxy2.$Proxy14.click(Unknown Source)
at project_2.airline_app.Search_Page.ClickFrom(Search_Page.java:15)
at project_2.airline_app.TestCase12.loginSearCHLogout(TestCase12.java:25)
at java.base/jdk.internal.reflect.NativeMethodAccessorImpl.invoke0(Native Method)
at java.base/jdk.internal.reflect.NativeMethodAccessorImpl.invoke(NativeMethodAccessorImpl.java:77)
at java.base/jdk.internal.reflect.DelegatingMethodAccessorImpl.invoke(DelegatingMethodAccessorImpl.java:43)
at java.base/java.lang.reflect.Method.invoke(Method.java:568)
at org.testng.internal.MethodInvocationHelper.invokeMethod(MethodInvocationHelper.java:133)
at org.testng.internal.TestInvoker.invokeMethod(TestInvoker.java:598)
at org.testng.internal.TestInvoker.retryFailed(TestInvoker.java:213)
at org.testng.internal.MethodRunner.runInSequence(MethodRunner.java:58)
at org.testng.internal.TestInvoker$MethodInvocationAgent.invoke(TestInvoker.java:824)
at org.testng.internal.TestInvoker.invokeTestMethods(TestInvoker.java:146)
at org.testng.internal.TestMethodWorker.invokeTestMethods(TestMethodWorker.java:146)
at org.testng.internal.TestMethodWorker.run(TestMethodWorker.java:128)
at java.base/java.util.ArrayList.forEach(ArrayList.java:1511)
at org.testng.TestRunner.privateRun(TestRunner.java:794)
at org.testng.TestRunner.run(TestRunner.java:596)
at org.testng.SuiteRunner.runTest(SuiteRunner.java:377)
at org.testng.SuiteRunner.access$000(SuiteRunner.java:28)
at org.testng.SuiteRunner$SuiteWorker.run(SuiteRunner.java:418)
at org.testng.internal.thread.ThreadUtil.lambda$execute$0(ThreadUtil.java:64)
at java.base/java.util.concurrent.FutureTask.run(FutureTask.java:264)
at java.base/java.util.concurrent.ThreadPoolExecutor.runWorker(ThreadPoolExecutor.java:1136)
at java.base/java.util.concurrent.ThreadPoolExecutor$Worker.run(ThreadPoolExecutor.java:635)
at java.base/java.lang.Thread.run(Thread.java:840)
]]>
            </full-stacktrace>
          </exception> <!-- org.openqa.selenium.ElementClickInterceptedException -->
          <reporter-output>
            <line>
              <![CDATA[Test case Ffailed]]>
            </line>
          </reporter-output>
        </test-method> <!-- loginSearCHLogout -->
        <test-method is-config="true" signature="tearDown()[pri:0, instance:project_2.airline_app.TestCase12@3f6f6701]" started-at="2024-08-10T12:33:30 IST" name="tearDown" finished-at="2024-08-10T12:33:30 IST" duration-ms="242" status="PASS">
          <reporter-output>
          </reporter-output>
        </test-method> <!-- tearDown -->
      </class> <!-- project_2.airline_app.TestCase12 -->
      <class name="project_2.airline_app.TestCase11">
        <test-method is-config="true" signature="launch(java.lang.String)[pri:0, instance:project_2.airline_app.TestCase11@242b836]" started-at="2024-08-10T12:32:15 IST" name="launch" finished-at="2024-08-10T12:32:20 IST" duration-ms="5302" status="PASS">
          <params>
            <param index="0">
              <value>
                <![CDATA[chrome]]>
              </value>
            </param>
          </params>
          <reporter-output>
          </reporter-output>
        </test-method> <!-- launch -->
        <test-method signature="validations2()[pri:0, instance:project_2.airline_app.TestCase11@242b836]" started-at="2024-08-10T12:32:20 IST" name="validations2" finished-at="2024-08-10T12:32:36 IST" duration-ms="15320" status="PASS">
          <reporter-output>
            <line>
              <![CDATA[Test case Ppassed]]>
            </line>
          </reporter-output>
        </test-method> <!-- validations2 -->
        <test-method is-config="true" signature="tearDown()[pri:0, instance:project_2.airline_app.TestCase11@242b836]" started-at="2024-08-10T12:32:36 IST" name="tearDown" finished-at="2024-08-10T12:32:37 IST" duration-ms="309" status="PASS">
          <reporter-output>
          </reporter-output>
        </test-method> <!-- tearDown -->
      </class> <!-- project_2.airline_app.TestCase11 -->
      <class name="project_2.airline_app.TestCase10">
        <test-method is-config="true" signature="launch(java.lang.String)[pri:0, instance:project_2.airline_app.TestCase10@2d52216b]" started-at="2024-08-10T12:31:56 IST" name="launch" finished-at="2024-08-10T12:32:01 IST" duration-ms="5628" status="PASS">
          <params>
            <param index="0">
              <value>
                <![CDATA[chrome]]>
              </value>
            </param>
          </params>
          <reporter-output>
          </reporter-output>
        </test-method> <!-- launch -->
        <test-method signature="validations()[pri:0, instance:project_2.airline_app.TestCase10@2d52216b]" started-at="2024-08-10T12:32:01 IST" name="validations" finished-at="2024-08-10T12:32:15 IST" duration-ms="13154" status="PASS">
          <reporter-output>
            <line>
              <![CDATA[Test case Ppassed]]>
            </line>
          </reporter-output>
        </test-method> <!-- validations -->
        <test-method is-config="true" signature="tearDown()[pri:0, instance:project_2.airline_app.TestCase10@2d52216b]" started-at="2024-08-10T12:32:15 IST" name="tearDown" finished-at="2024-08-10T12:32:15 IST" duration-ms="311" status="PASS">
          <reporter-output>
          </reporter-output>
        </test-method> <!-- tearDown -->
      </class> <!-- project_2.airline_app.TestCase10 -->
    </test> <!-- testonchrome -->
  </suite> <!-- Suite -->
</testng-results>
